2025-10-30 16:25:37,417+0000 INFO  [quartz-14-thread-6]  *TASK org.sonatype.nexus.repository.content.tasks.normalize.NormalizeComponentVersionTask - Task information:
2025-10-30 16:25:37,420+0000 INFO  [quartz-14-thread-6]  *TASK org.sonatype.nexus.repository.content.tasks.normalize.NormalizeComponentVersionTask -  ID: cae298e1-d66a-4675-9d71-bb00b4d12b43
2025-10-30 16:25:37,421+0000 INFO  [quartz-14-thread-6]  *TASK org.sonatype.nexus.repository.content.tasks.normalize.NormalizeComponentVersionTask -  Type: component.normalize.version
2025-10-30 16:25:37,421+0000 INFO  [quartz-14-thread-6]  *TASK org.sonatype.nexus.repository.content.tasks.normalize.NormalizeComponentVersionTask -  Name: Repair - Normalize component versions for retain-n
2025-10-30 16:25:37,421+0000 INFO  [quartz-14-thread-6]  *TASK org.sonatype.nexus.repository.content.tasks.normalize.NormalizeComponentVersionTask -  Description: populate normalized_version column on {format}_component tables
2025-10-30 16:25:37,422+0000 INFO  [quartz-14-thread-6]  *TASK org.sonatype.nexus.repository.content.tasks.normalize.NormalizeComponentVersionTask - Task configuration: {.updated=2025-10-30T16:25:37.401Z, .name=Repair - Normalize component versions for retain-n, .recoverable=false, .message=populate normalized_version column on {format}_component tables, .id=cae298e1-d66a-4675-9d71-bb00b4d12b43, .typeName=Repair - Normalize component versions for retain-n, .visible=false, .typeId=component.normalize.version, .exposed=false, .created=2025-10-30T16:25:37.401Z}
2025-10-30 16:25:37,425+0000 INFO  [quartz-14-thread-6]  *TASK org.sonatype.nexus.repository.content.tasks.normalize.NormalizeComponentVersionTask - normalizing cocoapods components version
2025-10-30 16:25:37,429+0000 INFO  [quartz-14-thread-6]  *TASK org.sonatype.nexus.repository.content.tasks.normalize.NormalizeComponentVersionTask - found 0 unnormalized records on cocoapods components
2025-10-30 16:25:37,431+0000 INFO  [quartz-14-thread-6]  *TASK org.sonatype.nexus.repository.content.tasks.normalize.NormalizeComponentVersionTask - normalizing p2 components version
2025-10-30 16:25:37,434+0000 INFO  [quartz-14-thread-6]  *TASK org.sonatype.nexus.repository.content.tasks.normalize.NormalizeComponentVersionTask - found 0 unnormalized records on p2 components
2025-10-30 16:25:37,435+0000 INFO  [quartz-14-thread-6]  *TASK org.sonatype.nexus.repository.content.tasks.normalize.NormalizeComponentVersionTask - normalizing apt components version
2025-10-30 16:25:37,437+0000 INFO  [quartz-14-thread-6]  *TASK org.sonatype.nexus.repository.content.tasks.normalize.NormalizeComponentVersionTask - found 0 unnormalized records on apt components
2025-10-30 16:25:37,438+0000 INFO  [quartz-14-thread-6]  *TASK org.sonatype.nexus.repository.content.tasks.normalize.NormalizeComponentVersionTask - normalizing gitlfs components version
2025-10-30 16:25:37,439+0000 INFO  [quartz-14-thread-6]  *TASK org.sonatype.nexus.repository.content.tasks.normalize.NormalizeComponentVersionTask - found 0 unnormalized records on gitlfs components
2025-10-30 16:25:37,440+0000 INFO  [quartz-14-thread-6]  *TASK org.sonatype.nexus.repository.content.tasks.normalize.NormalizeComponentVersionTask - normalizing composer components version
2025-10-30 16:25:37,442+0000 INFO  [quartz-14-thread-6]  *TASK org.sonatype.nexus.repository.content.tasks.normalize.NormalizeComponentVersionTask - found 0 unnormalized records on composer components
2025-10-30 16:25:37,443+0000 INFO  [quartz-14-thread-6]  *TASK org.sonatype.nexus.repository.content.tasks.normalize.NormalizeComponentVersionTask - normalizing conan components version
2025-10-30 16:25:37,445+0000 INFO  [quartz-14-thread-6]  *TASK org.sonatype.nexus.repository.content.tasks.normalize.NormalizeComponentVersionTask - found 0 unnormalized records on conan components
2025-10-30 16:25:37,445+0000 INFO  [quartz-14-thread-6]  *TASK org.sonatype.nexus.repository.content.tasks.normalize.NormalizeComponentVersionTask - normalizing go components version
2025-10-30 16:25:37,447+0000 INFO  [quartz-14-thread-6]  *TASK org.sonatype.nexus.repository.content.tasks.normalize.NormalizeComponentVersionTask - found 0 unnormalized records on go components
2025-10-30 16:25:37,448+0000 INFO  [quartz-14-thread-6]  *TASK org.sonatype.nexus.repository.content.tasks.normalize.NormalizeComponentVersionTask - normalizing maven2 components version
2025-10-30 16:25:37,449+0000 INFO  [quartz-14-thread-6]  *TASK org.sonatype.nexus.repository.content.tasks.normalize.NormalizeComponentVersionTask - found 0 unnormalized records on maven2 components
2025-10-30 16:25:37,450+0000 INFO  [quartz-14-thread-6]  *TASK org.sonatype.nexus.repository.content.tasks.normalize.NormalizeComponentVersionTask - normalizing raw components version
2025-10-30 16:25:37,452+0000 INFO  [quartz-14-thread-6]  *TASK org.sonatype.nexus.repository.content.tasks.normalize.NormalizeComponentVersionTask - found 0 unnormalized records on raw components
2025-10-30 16:25:37,453+0000 INFO  [quartz-14-thread-6]  *TASK org.sonatype.nexus.repository.content.tasks.normalize.NormalizeComponentVersionTask - normalizing npm components version
2025-10-30 16:25:37,454+0000 INFO  [quartz-14-thread-6]  *TASK org.sonatype.nexus.repository.content.tasks.normalize.NormalizeComponentVersionTask - found 0 unnormalized records on npm components
2025-10-30 16:25:37,455+0000 INFO  [quartz-14-thread-6]  *TASK org.sonatype.nexus.repository.content.tasks.normalize.NormalizeComponentVersionTask - normalizing huggingface components version
2025-10-30 16:25:37,457+0000 INFO  [quartz-14-thread-6]  *TASK org.sonatype.nexus.repository.content.tasks.normalize.NormalizeComponentVersionTask - found 0 unnormalized records on huggingface components
2025-10-30 16:25:37,458+0000 INFO  [quartz-14-thread-6]  *TASK org.sonatype.nexus.repository.content.tasks.normalize.NormalizeComponentVersionTask - normalizing nuget components version
2025-10-30 16:25:37,460+0000 INFO  [quartz-14-thread-6]  *TASK org.sonatype.nexus.repository.content.tasks.normalize.NormalizeComponentVersionTask - found 0 unnormalized records on nuget components
2025-10-30 16:25:37,460+0000 INFO  [quartz-14-thread-6]  *TASK org.sonatype.nexus.repository.content.tasks.normalize.NormalizeComponentVersionTask - normalizing rubygems components version
2025-10-30 16:25:37,462+0000 INFO  [quartz-14-thread-6]  *TASK org.sonatype.nexus.repository.content.tasks.normalize.NormalizeComponentVersionTask - found 0 unnormalized records on rubygems components
2025-10-30 16:25:37,463+0000 INFO  [quartz-14-thread-6]  *TASK org.sonatype.nexus.repository.content.tasks.normalize.NormalizeComponentVersionTask - normalizing helm components version
2025-10-30 16:25:37,466+0000 INFO  [quartz-14-thread-6]  *TASK org.sonatype.nexus.repository.content.tasks.normalize.NormalizeComponentVersionTask - found 0 unnormalized records on helm components
2025-10-30 16:25:37,467+0000 INFO  [quartz-14-thread-6]  *TASK org.sonatype.nexus.repository.content.tasks.normalize.NormalizeComponentVersionTask - normalizing docker components version
2025-10-30 16:25:37,469+0000 INFO  [quartz-14-thread-6]  *TASK org.sonatype.nexus.repository.content.tasks.normalize.NormalizeComponentVersionTask - found 0 unnormalized records on docker components
2025-10-30 16:25:37,469+0000 INFO  [quartz-14-thread-6]  *TASK org.sonatype.nexus.repository.content.tasks.normalize.NormalizeComponentVersionTask - normalizing yum components version
2025-10-30 16:25:37,472+0000 INFO  [quartz-14-thread-6]  *TASK org.sonatype.nexus.repository.content.tasks.normalize.NormalizeComponentVersionTask - found 0 unnormalized records on yum components
2025-10-30 16:25:37,472+0000 INFO  [quartz-14-thread-6]  *TASK org.sonatype.nexus.repository.content.tasks.normalize.NormalizeComponentVersionTask - normalizing r components version
2025-10-30 16:25:37,474+0000 INFO  [quartz-14-thread-6]  *TASK org.sonatype.nexus.repository.content.tasks.normalize.NormalizeComponentVersionTask - found 0 unnormalized records on r components
2025-10-30 16:25:37,475+0000 INFO  [quartz-14-thread-6]  *TASK org.sonatype.nexus.repository.content.tasks.normalize.NormalizeComponentVersionTask - normalizing pypi components version
2025-10-30 16:25:37,477+0000 INFO  [quartz-14-thread-6]  *TASK org.sonatype.nexus.repository.content.tasks.normalize.NormalizeComponentVersionTask - found 0 unnormalized records on pypi components
2025-10-30 16:25:37,478+0000 INFO  [quartz-14-thread-6]  *TASK org.sonatype.nexus.repository.content.tasks.normalize.NormalizeComponentVersionTask - normalizing conda components version
2025-10-30 16:25:37,479+0000 INFO  [quartz-14-thread-6]  *TASK org.sonatype.nexus.repository.content.tasks.normalize.NormalizeComponentVersionTask - found 0 unnormalized records on conda components
2025-10-30 16:25:37,481+0000 INFO  [quartz-14-thread-6]  *TASK org.sonatype.nexus.repository.content.tasks.normalize.NormalizeComponentVersionTask - normalizing cargo components version
2025-10-30 16:25:37,483+0000 INFO  [quartz-14-thread-6]  *TASK org.sonatype.nexus.repository.content.tasks.normalize.NormalizeComponentVersionTask - found 0 unnormalized records on cargo components
2025-10-30 16:25:37,484+0000 INFO  [quartz-14-thread-6]  *TASK org.sonatype.nexus.repository.content.tasks.normalize.NormalizeComponentVersionTask - Task complete
