[30/Oct/2025:16:26:08 +0000] - "GET https://rhc.sonatype.com/rest/component/details/firewall/malicious-risk/enabledRegistries HTTP/1.1" 200 -1 - [quartz-14-thread-13]
[30/Oct/2025:16:26:13 +0000] - "GET https://rhc.sonatype.com/rest/rhc/scan/1e96cfb3-e2f03643-8dbe409e-54f137e4-c939161c/maven-central?timestamp=2025-10-30_16%3A26%3A13 HTTP/1.1" 200 60 - [quartz-14-thread-14]
[30/Oct/2025:16:26:14 +0000] - "PUT https://rhc.sonatype.com/rest/rhc/scan/1e96cfb3-e2f03643-8dbe409e-54f137e4-c939161c/maven-central?timestamp=2025-10-30_16%3A26%3A13 HTTP/1.1" 200 92 - [quartz-14-thread-14]
[30/Oct/2025:16:26:15 +0000] - "GET https://rhc.sonatype.com/rest/rhc/scan/1e96cfb3-e2f03643-8dbe409e-54f137e4-c939161c/nuget.org-proxy?timestamp=2025-10-30_16%3A26%3A14 HTTP/1.1" 200 60 - [quartz-14-thread-15]
[30/Oct/2025:16:26:15 +0000] - "PUT https://rhc.sonatype.com/rest/rhc/scan/1e96cfb3-e2f03643-8dbe409e-54f137e4-c939161c/nuget.org-proxy?timestamp=2025-10-30_16%3A26%3A15 HTTP/1.1" 200 92 - [quartz-14-thread-15]
[30/Oct/2025:16:26:25 +0000] - "GET https://rhc.sonatype.com/rest/rhc/scan/1e96cfb3-e2f03643-8dbe409e-54f137e4-c939161c/maven-central?timestamp=2025-10-30_16%3A26%3A24 HTTP/1.1" 200 61 - [quartz-14-thread-16]
[30/Oct/2025:16:26:25 +0000] - "GET https://rhc.sonatype.com/rest/rhc/report/1e96cfb3-e2f03643-8dbe409e-54f137e4-c939161c/maven-central?timestamp=2025-10-30_16%3A26%3A25 HTTP/1.1" 200 -1 - [quartz-14-thread-16]
[30/Oct/2025:16:26:27 +0000] - "GET https://rhc.sonatype.com/rest/rhc/scan/1e96cfb3-e2f03643-8dbe409e-54f137e4-c939161c/nuget.org-proxy?timestamp=2025-10-30_16%3A26%3A27 HTTP/1.1" 200 62 - [quartz-14-thread-17]
[30/Oct/2025:16:26:28 +0000] - "GET https://rhc.sonatype.com/rest/rhc/report/1e96cfb3-e2f03643-8dbe409e-54f137e4-c939161c/nuget.org-proxy?timestamp=2025-10-30_16%3A26%3A27 HTTP/1.1" 200 -1 - [quartz-14-thread-17]
[30/Oct/2025:16:30:15 +0000] - "GET https://clm.sonatype.com/user-telemetry-rm.js HTTP/1.1" 200 -1 - [qtp2079250408-28]
[30/Oct/2025:16:30:15 +0000] - "GET https://rhc.sonatype.com/rest/rhc/extras/maliciousContent/1e96cfb3-e2f03643-8dbe409e-54f137e4-c939161c HTTP/1.1" 200 39 - [qtp2079250408-32]
[30/Oct/2025:16:30:16 +0000] - "GET https://clm.sonatype.com/rest/environment/stats HTTP/1.1" 200 81 - [qtp2079250408-30]
[30/Oct/2025:16:30:16 +0000] - "GET https://rhc.sonatype.com/rest/rhc/scan/1e96cfb3-e2f03643-8dbe409e-54f137e4-c939161c/maven-central?timestamp=2025-10-30_16%3A30%3A16 HTTP/1.1" 200 64 - [quartz-14-thread-4]
[30/Oct/2025:16:30:16 +0000] - "GET https://rhc.sonatype.com/rest/rhc/scan/1e96cfb3-e2f03643-8dbe409e-54f137e4-c939161c/nuget.org-proxy?timestamp=2025-10-30_16%3A30%3A16 HTTP/1.1" 200 64 - [quartz-14-thread-5]
[30/Oct/2025:16:30:17 +0000] - "GET https://clm.sonatype.com/user-telemetry/v1/rte/v1/configuration/AP-YFGMCGUNNIFB-2 HTTP/1.1" 200 2146 - [qtp2079250408-102]
[30/Oct/2025:16:30:18 +0000] - "GET https://links.sonatype.com/products/nexus/outreach/community/3.85.0-03/en/anonymous HTTP/1.1" 302 -1 907 [pool-3-thread-1]
[30/Oct/2025:16:30:18 +0000] - "GET https://clm.sonatype.com/user-telemetry/v1/rte/api/v1/feature/client?p=AP-YFGMCGUNNIFB-2&sv=0.53.0&v=AP-YFGMCGUNNIFB-2-1761841817848-99269643&ai=AP-YFGMCGUNNIFB-2-1761841817848-99269643&vt=0&s=AP-YFGMCGUNNIFB-2-1761841817850-79357957&wsv=0.53.0&cb=1761841817867-4843 HTTP/1.1" 200 41332 - [qtp2079250408-98]
[30/Oct/2025:16:30:18 +0000] - "POST https://clm.sonatype.com/user-telemetry/v1/rte/v2/command?p=AP-YFGMCGUNNIFB-2&et=pageview HTTP/1.1" 200 73 - [qtp2079250408-30]
[30/Oct/2025:16:30:18 +0000] - "POST https://clm.sonatype.com/user-telemetry/v1/rte/v2/command?p=AP-YFGMCGUNNIFB-2&et=sessionInitialized HTTP/1.1" 200 73 - [qtp2079250408-28]
[30/Oct/2025:16:30:18 +0000] - "GET https://clm.sonatype.com/user-telemetry/v1/style.css?a=AP-YFGMCGUNNIFB-2 HTTP/1.1" 200 52896 - [qtp2079250408-27]
[30/Oct/2025:16:30:18 +0000] - "POST https://clm.sonatype.com/user-telemetry/v1/rte/v2/command?p=AP-YFGMCGUNNIFB-2&et=identify HTTP/1.1" 200 69 - [qtp2079250408-25]
[30/Oct/2025:16:30:18 +0000] - "GET https://download.sonatype.com/nexus/outreach/community-en-all-anonymous.zip HTTP/1.1" 302 138 734 [pool-3-thread-1]
[30/Oct/2025:16:30:19 +0000] - "POST https://clm.sonatype.com/user-telemetry/v1/rte/v2/command?p=AP-YFGMCGUNNIFB-2&et=sessionInitialized HTTP/1.1" 200 0 - [qtp2079250408-101]
[30/Oct/2025:16:30:19 +0000] - "GET https://cdn.download.sonatype.com/repository/downloads-prod-group/outreach/community-en-all-anonymous.zip HTTP/1.1" 200 667439 - [pool-3-thread-1]
[30/Oct/2025:16:30:19 +0000] - "GET https://clm.sonatype.com/user-telemetry/v1/rte/v2/kc?s=AP-YFGMCGUNNIFB-2-1761841818769-39594441&p=AP-YFGMCGUNNIFB-2 HTTP/1.1" 200 0 - [qtp2079250408-29]
[30/Oct/2025:16:30:19 +0000] - "GET https://clm.sonatype.com/user-telemetry/v1/rte/v1/inapp?p=AP-YFGMCGUNNIFB-2&sv=0.53.0&v=AP-YFGMCGUNNIFB-2-1761841818771-97162728&ai=6b933aba-006b-4c12-b4b5-a0ddc2adfcf4&vt=2&s=AP-YFGMCGUNNIFB-2-1761841817850-79357957&sc=https%3A%2F%2F&ho=obfuscated-rm-base.example.com&pa=%2F&q=&ha=%23browse%2Fwelcome&u=obfuscated-rm-base.example.com%2F%23browse%2Fwelcome&gcx=%7B%22rm_serverVersion%22%3A%223.85.0-03%22%7D&cb=1761841819378-2521 HTTP/1.1" 200 0 - [qtp2079250408-27]
[30/Oct/2025:16:30:20 +0000] - "POST https://clm.sonatype.com/user-telemetry/v1/rte/v2/command?p=AP-YFGMCGUNNIFB-2&et=pageview HTTP/1.1" 200 0 - [qtp2079250408-30]
[30/Oct/2025:16:30:20 +0000] - "POST https://clm.sonatype.com/user-telemetry/v1/rte/v2/command?p=AP-YFGMCGUNNIFB-2&et=pageview HTTP/1.1" 200 0 - [qtp2079250408-98]
[30/Oct/2025:16:30:21 +0000] - "POST https://clm.sonatype.com/user-telemetry/v1/rte/v2/command?p=AP-YFGMCGUNNIFB-2&et=custom HTTP/1.1" 200 0 - [qtp2079250408-101]
[30/Oct/2025:16:30:21 +0000] - "POST https://clm.sonatype.com/user-telemetry/v1/rte/v2/command?p=AP-YFGMCGUNNIFB-2&et=linkClick HTTP/1.1" 200 0 - [qtp2079250408-28]
[30/Oct/2025:16:30:21 +0000] - "GET https://clm.sonatype.com/user-telemetry/v1/rte/v1/inapp?p=AP-YFGMCGUNNIFB-2&sv=0.53.0&v=AP-YFGMCGUNNIFB-2-1761841818771-97162728&ai=6b933aba-006b-4c12-b4b5-a0ddc2adfcf4&vt=2&s=AP-YFGMCGUNNIFB-2-1761841818769-39594441&sc=https%3A%2F%2F&ho=obfuscated-rm-base.example.com&pa=%2F&q=&ha=%23browse%2Fsearch%2Fgeneric&u=obfuscated-rm-base.example.com%2F%23browse%2Fsearch%2Fgeneric&gcx=%7B%22rm_serverVersion%22%3A%223.85.0-03%22%7D&cb=1761841821470-2695 HTTP/1.1" 200 0 - [qtp2079250408-105]
[30/Oct/2025:16:30:22 +0000] - "GET https://clm.sonatype.com/user-telemetry/v1/rte/v2/kc?s=AP-YFGMCGUNNIFB-2-1761841818769-39594441&p=AP-YFGMCGUNNIFB-2 HTTP/1.1" 200 0 - [qtp2079250408-29]
[30/Oct/2025:16:30:23 +0000] - "POST https://clm.sonatype.com/user-telemetry/v1/rte/v2/command?p=AP-YFGMCGUNNIFB-2&et=pageview HTTP/1.1" 200 0 - [qtp2079250408-104]
[30/Oct/2025:16:30:23 +0000] - "POST https://clm.sonatype.com/user-telemetry/v1/rte/v2/command?p=AP-YFGMCGUNNIFB-2&et=click HTTP/1.1" 200 0 - [qtp2079250408-30]
[30/Oct/2025:16:30:23 +0000] - "POST https://clm.sonatype.com/user-telemetry/v1/rte/v2/command?p=AP-YFGMCGUNNIFB-2&et=pageview HTTP/1.1" 200 0 - [qtp2079250408-26]
[30/Oct/2025:16:30:24 +0000] - "GET https://clm.sonatype.com/user-telemetry/v1/rte/v1/inapp?p=AP-YFGMCGUNNIFB-2&sv=0.53.0&v=AP-YFGMCGUNNIFB-2-1761841818771-97162728&ai=6b933aba-006b-4c12-b4b5-a0ddc2adfcf4&vt=2&s=AP-YFGMCGUNNIFB-2-1761841818769-39594441&sc=https%3A%2F%2F&ho=obfuscated-rm-base.example.com&pa=%2F&q=&ha=%23browse%2Fbrowse&u=obfuscated-rm-base.example.com%2F%23browse%2Fbrowse&gcx=%7B%22rm_serverVersion%22%3A%223.85.0-03%22%7D&cb=1761841823677-1651 HTTP/1.1" 200 0 - [qtp2079250408-27]
[30/Oct/2025:16:30:24 +0000] - "POST https://clm.sonatype.com/user-telemetry/v1/rte/v2/command?p=AP-YFGMCGUNNIFB-2&et=click HTTP/1.1" 200 0 - [qtp2079250408-29]
[30/Oct/2025:16:30:24 +0000] - "POST https://clm.sonatype.com/user-telemetry/v1/rte/v2/command?p=AP-YFGMCGUNNIFB-2&et=pageview HTTP/1.1" 200 0 - [qtp2079250408-101]
[30/Oct/2025:16:30:25 +0000] - "POST https://clm.sonatype.com/user-telemetry/v1/rte/v2/command?p=AP-YFGMCGUNNIFB-2&et=pageview HTTP/1.1" 200 0 - [qtp2079250408-98]
[30/Oct/2025:16:30:25 +0000] - "GET https://clm.sonatype.com/user-telemetry/v1/rte/v1/inapp?p=AP-YFGMCGUNNIFB-2&sv=0.53.0&v=AP-YFGMCGUNNIFB-2-1761841818771-97162728&ai=6b933aba-006b-4c12-b4b5-a0ddc2adfcf4&vt=2&s=AP-YFGMCGUNNIFB-2-1761841818769-39594441&sc=https%3A%2F%2F&ho=obfuscated-rm-base.example.com&pa=%2F&q=&ha=%23browse%2Fwelcome&u=obfuscated-rm-base.example.com%2F%23browse%2Fwelcome&gcx=%7B%22rm_serverVersion%22%3A%223.85.0-03%22%7D&cb=1761841825426-1827 HTTP/1.1" 200 0 - [qtp2079250408-100]
[30/Oct/2025:16:30:26 +0000] - "POST https://clm.sonatype.com/user-telemetry/v1/rte/v2/command?p=AP-YFGMCGUNNIFB-2&et=click HTTP/1.1" 200 0 - [qtp2079250408-102]
[30/Oct/2025:16:30:26 +0000] - "POST https://clm.sonatype.com/user-telemetry/v1/rte/v2/command?p=AP-YFGMCGUNNIFB-2&et=pageview HTTP/1.1" 200 0 - [qtp2079250408-101]
[30/Oct/2025:16:30:26 +0000] - "POST https://clm.sonatype.com/user-telemetry/v1/rte/v2/command?p=AP-YFGMCGUNNIFB-2&et=pageview HTTP/1.1" 200 0 - [qtp2079250408-105]
[30/Oct/2025:16:30:26 +0000] - "POST https://clm.sonatype.com/user-telemetry/v1/rte/v2/command?p=AP-YFGMCGUNNIFB-2&et=custom HTTP/1.1" 200 0 - [qtp2079250408-32]
[30/Oct/2025:16:30:27 +0000] - "POST https://clm.sonatype.com/user-telemetry/v1/rte/v2/command?p=AP-YFGMCGUNNIFB-2&et=pageview HTTP/1.1" 200 0 - [qtp2079250408-30]
[30/Oct/2025:16:30:27 +0000] - "POST https://clm.sonatype.com/user-telemetry/v1/rte/v2/command?p=AP-YFGMCGUNNIFB-2&et=linkClick HTTP/1.1" 200 0 - [qtp2079250408-98]
[30/Oct/2025:16:30:28 +0000] - "POST https://clm.sonatype.com/user-telemetry/v1/rte/v2/command?p=AP-YFGMCGUNNIFB-2&et=click HTTP/1.1" 200 0 - [qtp2079250408-32]
[30/Oct/2025:16:30:28 +0000] - "POST https://clm.sonatype.com/user-telemetry/v1/rte/v2/command?p=AP-YFGMCGUNNIFB-2&et=click HTTP/1.1" 200 0 - [qtp2079250408-101]
[30/Oct/2025:16:30:28 +0000] - "POST https://clm.sonatype.com/user-telemetry/v1/rte/v2/command?p=AP-YFGMCGUNNIFB-2&et=linkClick HTTP/1.1" 200 0 - [qtp2079250408-102]
[30/Oct/2025:16:30:28 +0000] - "POST https://clm.sonatype.com/user-telemetry/v1/rte/v2/command?p=AP-YFGMCGUNNIFB-2&et=pageview HTTP/1.1" 200 0 - [qtp2079250408-29]
[30/Oct/2025:16:30:28 +0000] - "POST https://clm.sonatype.com/user-telemetry/v1/rte/v2/command?p=AP-YFGMCGUNNIFB-2&et=pageview HTTP/1.1" 200 0 - [qtp2079250408-100]
[30/Oct/2025:16:30:29 +0000] - "POST https://clm.sonatype.com/user-telemetry/v1/rte/v2/command?p=AP-YFGMCGUNNIFB-2&et=pageview HTTP/1.1" 200 0 - [qtp2079250408-26]
[30/Oct/2025:16:30:29 +0000] - "GET https://clm.sonatype.com/user-telemetry/v1/rte/v1/inapp?p=AP-YFGMCGUNNIFB-2&sv=0.53.0&v=AP-YFGMCGUNNIFB-2-1761841818771-97162728&ai=6b933aba-006b-4c12-b4b5-a0ddc2adfcf4&vt=2&s=AP-YFGMCGUNNIFB-2-1761841818769-39594441&sc=https%3A%2F%2F&ho=obfuscated-rm-base.example.com&pa=%2F&q=&ha=%23browse%2Fbrowse&u=obfuscated-rm-base.example.com%2F%23browse%2Fbrowse&gcx=%7B%22rm_serverVersion%22%3A%223.85.0-03%22%7D&cb=1761841829558-8859 HTTP/1.1" 200 0 - [qtp2079250408-32]
[30/Oct/2025:16:30:30 +0000] - "POST https://clm.sonatype.com/user-telemetry/v1/rte/v2/command?p=AP-YFGMCGUNNIFB-2&et=click HTTP/1.1" 200 0 - [qtp2079250408-100]
[30/Oct/2025:16:30:30 +0000] - "POST https://clm.sonatype.com/user-telemetry/v1/rte/v2/command?p=AP-YFGMCGUNNIFB-2&et=pageview HTTP/1.1" 200 0 - [qtp2079250408-98]
[30/Oct/2025:16:30:30 +0000] - "POST https://clm.sonatype.com/user-telemetry/v1/rte/v2/command?p=AP-YFGMCGUNNIFB-2&et=custom HTTP/1.1" 200 0 - [qtp2079250408-27]
[30/Oct/2025:16:30:30 +0000] - "POST https://clm.sonatype.com/user-telemetry/v1/rte/v2/command?p=AP-YFGMCGUNNIFB-2&et=pageview HTTP/1.1" 200 0 - [qtp2079250408-104]
[30/Oct/2025:16:30:31 +0000] - "POST https://clm.sonatype.com/user-telemetry/v1/rte/v2/command?p=AP-YFGMCGUNNIFB-2&et=pageview HTTP/1.1" 200 0 - [qtp2079250408-29]
[30/Oct/2025:16:30:31 +0000] - "POST https://clm.sonatype.com/user-telemetry/v1/rte/v2/command?p=AP-YFGMCGUNNIFB-2&et=custom HTTP/1.1" 200 0 - [qtp2079250408-32]
[30/Oct/2025:16:30:31 +0000] - "POST https://clm.sonatype.com/user-telemetry/v1/rte/v2/command?p=AP-YFGMCGUNNIFB-2&et=pageview HTTP/1.1" 200 0 - [qtp2079250408-102]
[30/Oct/2025:16:30:31 +0000] - "POST https://clm.sonatype.com/user-telemetry/v1/rte/v2/command?p=AP-YFGMCGUNNIFB-2&et=linkClick HTTP/1.1" 200 0 - [qtp2079250408-26]
[30/Oct/2025:16:30:31 +0000] - "POST https://clm.sonatype.com/user-telemetry/v1/rte/v2/command?p=AP-YFGMCGUNNIFB-2&et=pageview HTTP/1.1" 200 0 - [qtp2079250408-104]
[30/Oct/2025:16:30:31 +0000] - "POST https://clm.sonatype.com/user-telemetry/v1/rte/v2/command?p=AP-YFGMCGUNNIFB-2&et=pageview HTTP/1.1" 200 0 - [qtp2079250408-98]
[30/Oct/2025:16:30:31 +0000] - "POST https://clm.sonatype.com/user-telemetry/v1/rte/v2/command?p=AP-YFGMCGUNNIFB-2&et=custom HTTP/1.1" 200 0 - [qtp2079250408-32]
[30/Oct/2025:16:30:32 +0000] - "POST https://clm.sonatype.com/user-telemetry/v1/rte/v2/command?p=AP-YFGMCGUNNIFB-2&et=linkClick HTTP/1.1" 200 0 - [qtp2079250408-27]
[30/Oct/2025:16:30:32 +0000] - "POST https://clm.sonatype.com/user-telemetry/v1/rte/v2/command?p=AP-YFGMCGUNNIFB-2&et=pageview HTTP/1.1" 200 0 - [qtp2079250408-101]
[30/Oct/2025:16:30:32 +0000] - "POST https://clm.sonatype.com/user-telemetry/v1/rte/v2/command?p=AP-YFGMCGUNNIFB-2&et=linkClick HTTP/1.1" 200 0 - [qtp2079250408-29]
[30/Oct/2025:16:30:32 +0000] - "POST https://clm.sonatype.com/user-telemetry/v1/rte/v2/command?p=AP-YFGMCGUNNIFB-2&et=pageview HTTP/1.1" 200 0 - [qtp2079250408-100]
[30/Oct/2025:16:30:33 +0000] - "POST https://clm.sonatype.com/user-telemetry/v1/rte/v2/command?p=AP-YFGMCGUNNIFB-2&et=custom HTTP/1.1" 200 0 - [qtp2079250408-27]
[30/Oct/2025:16:30:33 +0000] - "GET https://clm.sonatype.com/user-telemetry/v1/rte/v1/inapp?p=AP-YFGMCGUNNIFB-2&sv=0.53.0&v=AP-YFGMCGUNNIFB-2-1761841818771-97162728&ai=6b933aba-006b-4c12-b4b5-a0ddc2adfcf4&vt=2&s=AP-YFGMCGUNNIFB-2-1761841818769-39594441&sc=https%3A%2F%2F&ho=obfuscated-rm-base.example.com&pa=%2F&q=&ha=%23browse%2Fsearch%2Fnuget%2F&u=obfuscated-rm-base.example.com%2F%23browse%2Fsearch%2Fnuget%2F&gcx=%7B%22rm_serverVersion%22%3A%223.85.0-03%22%7D&cb=1761841833184-5574 HTTP/1.1" 200 0 - [qtp2079250408-32]
[30/Oct/2025:16:30:33 +0000] - "POST https://clm.sonatype.com/user-telemetry/v1/rte/v2/command?p=AP-YFGMCGUNNIFB-2&et=linkClick HTTP/1.1" 200 0 - [qtp2079250408-104]
[30/Oct/2025:16:30:33 +0000] - "POST https://clm.sonatype.com/user-telemetry/v1/rte/v2/command?p=AP-YFGMCGUNNIFB-2&et=pageview HTTP/1.1" 200 0 - [qtp2079250408-102]
[30/Oct/2025:16:30:34 +0000] - "POST https://clm.sonatype.com/user-telemetry/v1/rte/v2/command?p=AP-YFGMCGUNNIFB-2&et=pageview HTTP/1.1" 200 0 - [qtp2079250408-30]
[30/Oct/2025:16:30:34 +0000] - "GET https://clm.sonatype.com/user-telemetry/v1/rte/v1/inapp?p=AP-YFGMCGUNNIFB-2&sv=0.53.0&v=AP-YFGMCGUNNIFB-2-1761841818771-97162728&ai=6b933aba-006b-4c12-b4b5-a0ddc2adfcf4&vt=2&s=AP-YFGMCGUNNIFB-2-1761841818769-39594441&sc=https%3A%2F%2F&ho=obfuscated-rm-base.example.com&pa=%2F&q=&ha=%23browse%2Fwelcome&u=obfuscated-rm-base.example.com%2F%23browse%2Fwelcome&gcx=%7B%22rm_serverVersion%22%3A%223.85.0-03%22%7D&cb=1761841834216-6498 HTTP/1.1" 200 0 - [qtp2079250408-100]
[30/Oct/2025:16:30:35 +0000] - "POST https://clm.sonatype.com/user-telemetry/v1/rte/v2/command?p=AP-YFGMCGUNNIFB-2&et=click HTTP/1.1" 200 0 - [qtp2079250408-102]
[30/Oct/2025:16:30:36 +0000] - "GET https://clm.sonatype.com/user-telemetry/v1/rte/v1/inapp?p=AP-YFGMCGUNNIFB-2&sv=0.53.0&v=AP-YFGMCGUNNIFB-2-1761841818771-97162728&ai=6b933aba-006b-4c12-b4b5-a0ddc2adfcf4&vt=2&s=AP-YFGMCGUNNIFB-2-1761841818769-39594441&sc=https%3A%2F%2F&ho=obfuscated-rm-base.example.com&pa=%2F&q=&ha=%23browse%2Fwelcome&u=obfuscated-rm-base.example.com%2F%23browse%2Fwelcome&gcx=%7B%22rm_serverVersion%22%3A%223.85.0-03%22%7D&cb=1761841835897-1919 HTTP/1.1" 200 0 - [qtp2079250408-104]
[30/Oct/2025:16:30:40 +0000] - "POST https://clm.sonatype.com/user-telemetry/v1/rte/v2/command?p=AP-YFGMCGUNNIFB-2&et=click HTTP/1.1" 200 0 - [qtp2079250408-26]
[30/Oct/2025:16:30:41 +0000] - "GET https://clm.sonatype.com/user-telemetry/v1/rte/v1/inapp?p=AP-YFGMCGUNNIFB-2&sv=0.53.0&v=AP-YFGMCGUNNIFB-2-1761841818771-97162728&ai=6b933aba-006b-4c12-b4b5-a0ddc2adfcf4&vt=2&s=AP-YFGMCGUNNIFB-2-1761841818769-39594441&sc=https%3A%2F%2F&ho=obfuscated-rm-base.example.com&pa=%2F&q=&ha=%23browse%2Fwelcome&u=obfuscated-rm-base.example.com%2F%23browse%2Fwelcome&gcx=%7B%22rm_serverVersion%22%3A%223.85.0-03%22%7D&cb=1761841840830-5686 HTTP/1.1" 200 0 - [qtp2079250408-27]
[30/Oct/2025:16:30:42 +0000] - "GET https://rhc.sonatype.com/rest/component/details/firewall/malicious-risk/enabledRegistries HTTP/1.1" 200 -1 - [quartz-14-thread-6]
[30/Oct/2025:16:30:50 +0000] - "POST https://clm.sonatype.com/user-telemetry/v1/rte/v2/command?p=AP-YFGMCGUNNIFB-2&et=click HTTP/1.1" 200 0 - [qtp2079250408-32]
[30/Oct/2025:16:30:50 +0000] - "POST https://clm.sonatype.com/user-telemetry/v1/rte/v2/command?p=AP-YFGMCGUNNIFB-2&et=pageview HTTP/1.1" 200 0 - [qtp2079250408-101]
[30/Oct/2025:16:30:50 +0000] - "POST https://clm.sonatype.com/user-telemetry/v1/rte/v2/command?p=AP-YFGMCGUNNIFB-2&et=identify HTTP/1.1" 200 0 - [qtp2079250408-27]
[30/Oct/2025:16:30:51 +0000] - "GET https://links.sonatype.com/products/nexus/outreach/community/3.85.0-03/en/admin HTTP/1.1" 302 -1 834 [pool-3-thread-7]
[30/Oct/2025:16:30:51 +0000] - "GET https://clm.sonatype.com/user-telemetry/v1/rte/v2/kc?s=AP-YFGMCGUNNIFB-2-1761841818769-39594441&p=AP-YFGMCGUNNIFB-2 HTTP/1.1" 200 0 - [qtp2079250408-98]
[30/Oct/2025:16:30:51 +0000] - "POST https://clm.sonatype.com/user-telemetry/v1/rte/v2/command?p=AP-YFGMCGUNNIFB-2&et=custom HTTP/1.1" 200 0 - [qtp2079250408-100]
[30/Oct/2025:16:30:52 +0000] - "GET https://download.sonatype.com/nexus/outreach/community-en-all-admin.zip HTTP/1.1" 302 138 620 [pool-3-thread-7]
[30/Oct/2025:16:30:52 +0000] - "GET https://cdn.download.sonatype.com/repository/downloads-prod-group/outreach/community-en-all-admin.zip HTTP/1.1" 200 667860 - [pool-3-thread-7]
[30/Oct/2025:16:30:52 +0000] - "GET https://clm.sonatype.com/user-telemetry/v1/rte/v1/inapp?p=AP-YFGMCGUNNIFB-2&sv=0.53.0&v=AP-YFGMCGUNNIFB-2-1761841818771-97162728&ai=6b933aba-006b-4c12-b4b5-a0ddc2adfcf4&vt=2&s=AP-YFGMCGUNNIFB-2-1761841818769-39594441&sc=https%3A%2F%2F&ho=obfuscated-rm-base.example.com&pa=%2F&q=&ha=%23browse%2Fwelcome&u=obfuscated-rm-base.example.com%2F%23browse%2Fwelcome&gcx=%7B%22rm_serverVersion%22%3A%223.85.0-03%22%2C%22usertype%22%3A%22administrator%22%7D&cb=1761841852306-6422 HTTP/1.1" 200 0 - [qtp2079250408-102]
[30/Oct/2025:16:30:52 +0000] - "HEAD https://links.sonatype.com/products/nexus/outreach/community/3.85.0-03/en/admin HTTP/1.1" 302 0 267 [pool-3-thread-9]
[30/Oct/2025:16:30:52 +0000] - "HEAD https://download.sonatype.com/nexus/outreach/community-en-all-admin.zip HTTP/1.1" 302 0 197 [pool-3-thread-9]
[30/Oct/2025:16:30:52 +0000] - "HEAD https://cdn.download.sonatype.com/repository/downloads-prod-group/outreach/community-en-all-admin.zip HTTP/1.1" 200 0 - [pool-3-thread-9]
[30/Oct/2025:16:30:53 +0000] - "GET https://clm.sonatype.com/user-telemetry/v1/rte/v2/kc?s=AP-YFGMCGUNNIFB-2-1761841818769-39594441&p=AP-YFGMCGUNNIFB-2 HTTP/1.1" 200 0 - [qtp2079250408-30]
[30/Oct/2025:16:30:59 +0000] - "POST https://clm.sonatype.com/user-telemetry/v1/rte/v2/command?p=AP-YFGMCGUNNIFB-2&et=click HTTP/1.1" 200 0 - [qtp2079250408-102]
[30/Oct/2025:16:30:59 +0000] - "POST https://clm.sonatype.com/user-telemetry/v1/rte/v2/command?p=AP-YFGMCGUNNIFB-2&et=pageview HTTP/1.1" 200 0 - [qtp2079250408-100]
[30/Oct/2025:16:31:00 +0000] - "GET https://clm.sonatype.com/user-telemetry/v1/rte/v1/inapp?p=AP-YFGMCGUNNIFB-2&sv=0.53.0&v=AP-YFGMCGUNNIFB-2-1761841818771-97162728&ai=6b933aba-006b-4c12-b4b5-a0ddc2adfcf4&vt=2&s=AP-YFGMCGUNNIFB-2-1761841818769-39594441&sc=https%3A%2F%2F&ho=obfuscated-rm-base.example.com&pa=%2F&q=&ha=%23browse%2Fwelcome&u=obfuscated-rm-base.example.com%2F%23browse%2Fwelcome&gcx=%7B%22rm_serverVersion%22%3A%223.85.0-03%22%2C%22usertype%22%3A%22administrator%22%7D&cb=1761841860170-6473 HTTP/1.1" 200 0 - [qtp2079250408-26]
[30/Oct/2025:16:31:07 +0000] - "POST https://clm.sonatype.com/user-telemetry/v1/rte/v2/command?p=AP-YFGMCGUNNIFB-2&et=linkClick HTTP/1.1" 200 0 - [qtp2079250408-30]
[30/Oct/2025:16:31:07 +0000] - "POST https://clm.sonatype.com/user-telemetry/v1/rte/v2/command?p=AP-YFGMCGUNNIFB-2&et=pageview HTTP/1.1" 200 0 - [qtp2079250408-98]
[30/Oct/2025:16:31:08 +0000] - "GET https://clm.sonatype.com/user-telemetry/v1/rte/v1/inapp?p=AP-YFGMCGUNNIFB-2&sv=0.53.0&v=AP-YFGMCGUNNIFB-2-1761841818771-97162728&ai=6b933aba-006b-4c12-b4b5-a0ddc2adfcf4&vt=2&s=AP-YFGMCGUNNIFB-2-1761841818769-39594441&sc=https%3A%2F%2F&ho=obfuscated-rm-base.example.com&pa=%2F&q=&ha=%23browse%2Fwelcome&u=obfuscated-rm-base.example.com%2F%23browse%2Fwelcome&gcx=%7B%22rm_serverVersion%22%3A%223.85.0-03%22%2C%22usertype%22%3A%22administrator%22%7D&cb=1761841868033-8581 HTTP/1.1" 200 0 - [qtp2079250408-100]
[30/Oct/2025:16:31:12 +0000] - "POST https://clm.sonatype.com/user-telemetry/v1/rte/v2/command?p=AP-YFGMCGUNNIFB-2&et=pageview HTTP/1.1" 200 0 - [qtp2079250408-32]
[30/Oct/2025:16:31:12 +0000] - "POST https://clm.sonatype.com/user-telemetry/v1/rte/v2/command?p=AP-YFGMCGUNNIFB-2&et=click HTTP/1.1" 200 0 - [qtp2079250408-104]
[30/Oct/2025:16:31:13 +0000] - "GET https://clm.sonatype.com/user-telemetry/v1/rte/v1/inapp?p=AP-YFGMCGUNNIFB-2&sv=0.53.0&v=AP-YFGMCGUNNIFB-2-1761841818771-97162728&ai=6b933aba-006b-4c12-b4b5-a0ddc2adfcf4&vt=2&s=AP-YFGMCGUNNIFB-2-1761841818769-39594441&sc=https%3A%2F%2F&ho=obfuscated-rm-base.example.com&pa=%2F&q=&ha=%23browse%2Fwelcome&u=obfuscated-rm-base.example.com%2F%23browse%2Fwelcome&gcx=%7B%22rm_serverVersion%22%3A%223.85.0-03%22%2C%22usertype%22%3A%22administrator%22%7D&cb=1761841873379-1642 HTTP/1.1" 200 0 - [qtp2079250408-27]
[30/Oct/2025:16:31:16 +0000] - "POST https://clm.sonatype.com/user-telemetry/v1/rte/v2/command?p=AP-YFGMCGUNNIFB-2&et=pageview HTTP/1.1" 200 0 - [qtp2079250408-98]
[30/Oct/2025:16:31:16 +0000] - "POST https://clm.sonatype.com/user-telemetry/v1/rte/v2/command?p=AP-YFGMCGUNNIFB-2&et=click HTTP/1.1" 200 0 - [qtp2079250408-30]
[30/Oct/2025:16:31:16 +0000] - "GET https://clm.sonatype.com/user-telemetry/v1/rte/v1/inapp?p=AP-YFGMCGUNNIFB-2&sv=0.53.0&v=AP-YFGMCGUNNIFB-2-1761841818771-97162728&ai=6b933aba-006b-4c12-b4b5-a0ddc2adfcf4&vt=2&s=AP-YFGMCGUNNIFB-2-1761841818769-39594441&sc=https%3A%2F%2F&ho=obfuscated-rm-base.example.com&pa=%2F&q=&ha=%23browse%2Fwelcome&u=obfuscated-rm-base.example.com%2F%23browse%2Fwelcome&gcx=%7B%22rm_serverVersion%22%3A%223.85.0-03%22%2C%22usertype%22%3A%22administrator%22%7D&cb=1761841876536-3861 HTTP/1.1" 200 0 - [qtp2079250408-32]
[30/Oct/2025:16:31:19 +0000] - "GET https://clm.sonatype.com/user-telemetry/v1/rte/v1/inapp?p=AP-YFGMCGUNNIFB-2&sv=0.53.0&v=AP-YFGMCGUNNIFB-2-1761841818771-97162728&ai=6b933aba-006b-4c12-b4b5-a0ddc2adfcf4&vt=2&s=AP-YFGMCGUNNIFB-2-1761841818769-39594441&sc=https%3A%2F%2F&ho=obfuscated-rm-base.example.com&pa=%2F&q=&ha=%23browse%2Fwelcome&u=obfuscated-rm-base.example.com%2F%23browse%2Fwelcome&gcx=%7B%22rm_serverVersion%22%3A%223.85.0-03%22%2C%22usertype%22%3A%22administrator%22%7D&cb=1761841879588-4262 HTTP/1.1" 200 0 - [qtp2079250408-100]
[30/Oct/2025:16:31:20 +0000] - "POST https://clm.sonatype.com/user-telemetry/v1/rte/v2/command?p=AP-YFGMCGUNNIFB-2&et=click HTTP/1.1" 200 0 - [qtp2079250408-98]
[30/Oct/2025:16:31:22 +0000] - "POST https://clm.sonatype.com/user-telemetry/v1/rte/v2/command?p=AP-YFGMCGUNNIFB-2&et=click HTTP/1.1" 200 0 - [qtp2079250408-26]
[30/Oct/2025:16:31:22 +0000] - "GET https://clm.sonatype.com/user-telemetry/v1/rte/v1/inapp?p=AP-YFGMCGUNNIFB-2&sv=0.53.0&v=AP-YFGMCGUNNIFB-2-1761841818771-97162728&ai=6b933aba-006b-4c12-b4b5-a0ddc2adfcf4&vt=2&s=AP-YFGMCGUNNIFB-2-1761841818769-39594441&sc=https%3A%2F%2F&ho=obfuscated-rm-base.example.com&pa=%2F&q=&ha=%23browse%2Fwelcome&u=obfuscated-rm-base.example.com%2F%23browse%2Fwelcome&gcx=%7B%22rm_serverVersion%22%3A%223.85.0-03%22%2C%22usertype%22%3A%22administrator%22%7D&cb=1761841882687-5847 HTTP/1.1" 200 0 - [qtp2079250408-27]
[30/Oct/2025:16:31:23 +0000] - "POST https://clm.sonatype.com/user-telemetry/v1/rte/v2/command?p=AP-YFGMCGUNNIFB-2&et=click HTTP/1.1" 200 0 - [qtp2079250408-104]
[30/Oct/2025:16:31:23 +0000] - "POST https://clm.sonatype.com/user-telemetry/v1/rte/v2/command?p=AP-YFGMCGUNNIFB-2&et=click HTTP/1.1" 200 0 - [qtp2079250408-30]
[30/Oct/2025:16:31:23 +0000] - "GET https://clm.sonatype.com/user-telemetry/v1/rte/v1/inapp?p=AP-YFGMCGUNNIFB-2&sv=0.53.0&v=AP-YFGMCGUNNIFB-2-1761841818771-97162728&ai=6b933aba-006b-4c12-b4b5-a0ddc2adfcf4&vt=2&s=AP-YFGMCGUNNIFB-2-1761841818769-39594441&sc=https%3A%2F%2F&ho=obfuscated-rm-base.example.com&pa=%2F&q=&ha=%23browse%2Fwelcome&u=obfuscated-rm-base.example.com%2F%23browse%2Fwelcome&gcx=%7B%22rm_serverVersion%22%3A%223.85.0-03%22%2C%22usertype%22%3A%22administrator%22%7D&cb=1761841883629-9231 HTTP/1.1" 200 0 - [qtp2079250408-26]
[30/Oct/2025:16:31:24 +0000] - "POST https://clm.sonatype.com/user-telemetry/v1/rte/v2/command?p=AP-YFGMCGUNNIFB-2&et=click HTTP/1.1" 200 0 - [qtp2079250408-28]
[30/Oct/2025:16:31:24 +0000] - "POST https://clm.sonatype.com/user-telemetry/v1/rte/v2/command?p=AP-YFGMCGUNNIFB-2&et=click HTTP/1.1" 200 0 - [qtp2079250408-98]
[30/Oct/2025:16:31:25 +0000] - "POST https://clm.sonatype.com/user-telemetry/v1/rte/v2/command?p=AP-YFGMCGUNNIFB-2&et=click HTTP/1.1" 200 0 - [qtp2079250408-100]
[30/Oct/2025:16:31:25 +0000] - "POST https://clm.sonatype.com/user-telemetry/v1/rte/v2/command?p=AP-YFGMCGUNNIFB-2&et=pageview HTTP/1.1" 200 0 - [qtp2079250408-29]
[30/Oct/2025:16:31:26 +0000] - "GET https://clm.sonatype.com/user-telemetry/v1/rte/v1/inapp?p=AP-YFGMCGUNNIFB-2&sv=0.53.0&v=AP-YFGMCGUNNIFB-2-1761841818771-97162728&ai=6b933aba-006b-4c12-b4b5-a0ddc2adfcf4&vt=2&s=AP-YFGMCGUNNIFB-2-1761841818769-39594441&sc=https%3A%2F%2F&ho=obfuscated-rm-base.example.com&pa=%2F&q=&ha=%23browse%2Fwelcome&u=obfuscated-rm-base.example.com%2F%23browse%2Fwelcome&gcx=%7B%22rm_serverVersion%22%3A%223.85.0-03%22%2C%22usertype%22%3A%22administrator%22%7D&cb=1761841886079-9529 HTTP/1.1" 200 0 - [qtp2079250408-104]
[30/Oct/2025:16:31:27 +0000] - "POST https://clm.sonatype.com/user-telemetry/v1/rte/v2/command?p=AP-YFGMCGUNNIFB-2&et=click HTTP/1.1" 200 0 - [qtp2079250408-105]
[30/Oct/2025:16:31:27 +0000] - "GET https://clm.sonatype.com/user-telemetry/v1/rte/v1/inapp?p=AP-YFGMCGUNNIFB-2&sv=0.53.0&v=AP-YFGMCGUNNIFB-2-1761841818771-97162728&ai=6b933aba-006b-4c12-b4b5-a0ddc2adfcf4&vt=2&s=AP-YFGMCGUNNIFB-2-1761841818769-39594441&sc=https%3A%2F%2F&ho=obfuscated-rm-base.example.com&pa=%2F&q=&ha=%23browse%2Fwelcome&u=obfuscated-rm-base.example.com%2F%23browse%2Fwelcome&gcx=%7B%22rm_serverVersion%22%3A%223.85.0-03%22%2C%22usertype%22%3A%22administrator%22%7D&cb=1761841887448-6379 HTTP/1.1" 200 0 - [qtp2079250408-28]
[30/Oct/2025:16:31:27 +0000] - "POST https://clm.sonatype.com/user-telemetry/v1/rte/v2/command?p=AP-YFGMCGUNNIFB-2&et=pageview HTTP/1.1" 200 0 - [qtp2079250408-101]
[30/Oct/2025:16:31:32 +0000] - "POST https://clm.sonatype.com/user-telemetry/v1/rte/v2/command?p=AP-YFGMCGUNNIFB-2&et=click HTTP/1.1" 200 0 - [qtp2079250408-101]
[30/Oct/2025:16:31:33 +0000] - "GET https://clm.sonatype.com/user-telemetry/v1/rte/v1/inapp?p=AP-YFGMCGUNNIFB-2&sv=0.53.0&v=AP-YFGMCGUNNIFB-2-1761841818771-97162728&ai=6b933aba-006b-4c12-b4b5-a0ddc2adfcf4&vt=2&s=AP-YFGMCGUNNIFB-2-1761841818769-39594441&sc=https%3A%2F%2F&ho=obfuscated-rm-base.example.com&pa=%2F&q=&ha=%23browse%2Fwelcome&u=obfuscated-rm-base.example.com%2F%23browse%2Fwelcome&gcx=%7B%22rm_serverVersion%22%3A%223.85.0-03%22%2C%22usertype%22%3A%22administrator%22%7D&cb=1761841893161-1136 HTTP/1.1" 200 0 - [qtp2079250408-105]
[30/Oct/2025:16:31:33 +0000] - "POST https://clm.sonatype.com/user-telemetry/v1/rte/v2/command?p=AP-YFGMCGUNNIFB-2&et=linkClick HTTP/1.1" 200 0 - [qtp2079250408-28]
[30/Oct/2025:16:31:33 +0000] - "POST https://clm.sonatype.com/user-telemetry/v1/rte/v2/command?p=AP-YFGMCGUNNIFB-2&et=pageview HTTP/1.1" 200 0 - [qtp2079250408-27]
[30/Oct/2025:16:31:33 +0000] - "POST https://clm.sonatype.com/user-telemetry/v1/rte/v2/command?p=AP-YFGMCGUNNIFB-2&et=pageview HTTP/1.1" 200 0 - [qtp2079250408-104]
[30/Oct/2025:16:31:34 +0000] - "POST https://clm.sonatype.com/user-telemetry/v1/rte/v2/command?p=AP-YFGMCGUNNIFB-2&et=custom HTTP/1.1" 200 0 - [qtp2079250408-100]
[30/Oct/2025:16:31:34 +0000] - "GET https://clm.sonatype.com/user-telemetry/v1/rte/v1/inapp?p=AP-YFGMCGUNNIFB-2&sv=0.53.0&v=AP-YFGMCGUNNIFB-2-1761841818771-97162728&ai=6b933aba-006b-4c12-b4b5-a0ddc2adfcf4&vt=2&s=AP-YFGMCGUNNIFB-2-1761841818769-39594441&sc=https%3A%2F%2F&ho=obfuscated-rm-base.example.com&pa=%2F&q=&ha=%23browse%2Fsearch%2Fcustom%2F&u=obfuscated-rm-base.example.com%2F%23browse%2Fsearch%2Fcustom%2F&gcx=%7B%22rm_serverVersion%22%3A%223.85.0-03%22%2C%22usertype%22%3A%22administrator%22%7D&cb=1761841894134-1697 HTTP/1.1" 200 0 - [qtp2079250408-104]
[30/Oct/2025:16:31:34 +0000] - "POST https://clm.sonatype.com/user-telemetry/v1/rte/v2/command?p=AP-YFGMCGUNNIFB-2&et=linkClick HTTP/1.1" 200 0 - [qtp2079250408-105]
[30/Oct/2025:16:31:34 +0000] - "POST https://clm.sonatype.com/user-telemetry/v1/rte/v2/command?p=AP-YFGMCGUNNIFB-2&et=pageview HTTP/1.1" 200 0 - [qtp2079250408-104]
[30/Oct/2025:16:31:35 +0000] - "GET https://clm.sonatype.com/user-telemetry/v1/rte/v1/inapp?p=AP-YFGMCGUNNIFB-2&sv=0.53.0&v=AP-YFGMCGUNNIFB-2-1761841818771-97162728&ai=6b933aba-006b-4c12-b4b5-a0ddc2adfcf4&vt=2&s=AP-YFGMCGUNNIFB-2-1761841818769-39594441&sc=https%3A%2F%2F&ho=obfuscated-rm-base.example.com&pa=%2F&q=&ha=%23browse%2Fsearch%2Fcustom%2F&u=obfuscated-rm-base.example.com%2F%23browse%2Fsearch%2Fcustom%2F&gcx=%7B%22rm_serverVersion%22%3A%223.85.0-03%22%2C%22usertype%22%3A%22administrator%22%7D&cb=1761841895240-9332 HTTP/1.1" 200 0 - [qtp2079250408-28]
[30/Oct/2025:16:31:37 +0000] - "POST https://clm.sonatype.com/user-telemetry/v1/rte/v2/command?p=AP-YFGMCGUNNIFB-2&et=click HTTP/1.1" 200 0 - [qtp2079250408-30]
[30/Oct/2025:16:31:38 +0000] - "GET https://clm.sonatype.com/user-telemetry/v1/rte/v1/inapp?p=AP-YFGMCGUNNIFB-2&sv=0.53.0&v=AP-YFGMCGUNNIFB-2-1761841818771-97162728&ai=6b933aba-006b-4c12-b4b5-a0ddc2adfcf4&vt=2&s=AP-YFGMCGUNNIFB-2-1761841818769-39594441&sc=https%3A%2F%2F&ho=obfuscated-rm-base.example.com&pa=%2F&q=&ha=%23browse%2Fsearch%2Fcustom%2F&u=obfuscated-rm-base.example.com%2F%23browse%2Fsearch%2Fcustom%2F&gcx=%7B%22rm_serverVersion%22%3A%223.85.0-03%22%2C%22usertype%22%3A%22administrator%22%7D&cb=1761841897973-6957 HTTP/1.1" 200 0 - [qtp2079250408-27]
[30/Oct/2025:16:31:38 +0000] - "POST https://clm.sonatype.com/user-telemetry/v1/rte/v2/command?p=AP-YFGMCGUNNIFB-2&et=click HTTP/1.1" 200 0 - [qtp2079250408-28]
[30/Oct/2025:16:31:38 +0000] - "POST https://clm.sonatype.com/user-telemetry/v1/rte/v2/command?p=AP-YFGMCGUNNIFB-2&et=pageview HTTP/1.1" 200 0 - [qtp2079250408-100]
[30/Oct/2025:16:31:38 +0000] - "POST https://clm.sonatype.com/user-telemetry/v1/rte/v2/command?p=AP-YFGMCGUNNIFB-2&et=pageview HTTP/1.1" 200 0 - [qtp2079250408-98]
[30/Oct/2025:16:31:39 +0000] - "GET https://clm.sonatype.com/user-telemetry/v1/rte/v1/inapp?p=AP-YFGMCGUNNIFB-2&sv=0.53.0&v=AP-YFGMCGUNNIFB-2-1761841818771-97162728&ai=6b933aba-006b-4c12-b4b5-a0ddc2adfcf4&vt=2&s=AP-YFGMCGUNNIFB-2-1761841818769-39594441&sc=https%3A%2F%2F&ho=obfuscated-rm-base.example.com&pa=%2F&q=&ha=%23user%2FNuGetApiToken&u=obfuscated-rm-base.example.com%2F%23user%2FNuGetApiToken&gcx=%7B%22rm_serverVersion%22%3A%223.85.0-03%22%2C%22usertype%22%3A%22administrator%22%7D&cb=1761841899347-3818 HTTP/1.1" 200 0 - [qtp2079250408-104]
[30/Oct/2025:16:31:40 +0000] - "POST https://clm.sonatype.com/user-telemetry/v1/rte/v2/command?p=AP-YFGMCGUNNIFB-2&et=click HTTP/1.1" 200 0 - [qtp2079250408-105]
[30/Oct/2025:16:31:41 +0000] - "GET https://clm.sonatype.com/user-telemetry/v1/rte/v1/inapp?p=AP-YFGMCGUNNIFB-2&sv=0.53.0&v=AP-YFGMCGUNNIFB-2-1761841818771-97162728&ai=6b933aba-006b-4c12-b4b5-a0ddc2adfcf4&vt=2&s=AP-YFGMCGUNNIFB-2-1761841818769-39594441&sc=https%3A%2F%2F&ho=obfuscated-rm-base.example.com&pa=%2F&q=&ha=%23user%2FNuGetApiToken&u=obfuscated-rm-base.example.com%2F%23user%2FNuGetApiToken&gcx=%7B%22rm_serverVersion%22%3A%223.85.0-03%22%2C%22usertype%22%3A%22administrator%22%7D&cb=1761841900813-2515 HTTP/1.1" 200 0 - [qtp2079250408-28]
[30/Oct/2025:16:31:46 +0000] - "POST https://clm.sonatype.com/user-telemetry/v1/rte/v2/command?p=AP-YFGMCGUNNIFB-2&et=pageview HTTP/1.1" 200 0 - [qtp2079250408-29]
[30/Oct/2025:16:31:46 +0000] - "POST https://clm.sonatype.com/user-telemetry/v1/rte/v2/command?p=AP-YFGMCGUNNIFB-2&et=click HTTP/1.1" 200 0 - [qtp2079250408-100]
[30/Oct/2025:16:31:47 +0000] - "GET https://clm.sonatype.com/user-telemetry/v1/rte/v1/inapp?p=AP-YFGMCGUNNIFB-2&sv=0.53.0&v=AP-YFGMCGUNNIFB-2-1761841818771-97162728&ai=6b933aba-006b-4c12-b4b5-a0ddc2adfcf4&vt=2&s=AP-YFGMCGUNNIFB-2-1761841818769-39594441&sc=https%3A%2F%2F&ho=obfuscated-rm-base.example.com&pa=%2F&q=&ha=%23user%2FNuGetApiToken&u=obfuscated-rm-base.example.com%2F%23user%2FNuGetApiToken&gcx=%7B%22rm_serverVersion%22%3A%223.85.0-03%22%2C%22usertype%22%3A%22administrator%22%7D&cb=1761841907052-7614 HTTP/1.1" 200 0 - [qtp2079250408-101]
[30/Oct/2025:16:31:55 +0000] - "POST https://clm.sonatype.com/user-telemetry/v1/rte/v2/command?p=AP-YFGMCGUNNIFB-2&et=click HTTP/1.1" 200 0 - [qtp2079250408-28]
[30/Oct/2025:16:31:56 +0000] - "GET https://clm.sonatype.com/user-telemetry/v1/rte/v1/inapp?p=AP-YFGMCGUNNIFB-2&sv=0.53.0&v=AP-YFGMCGUNNIFB-2-1761841818771-97162728&ai=6b933aba-006b-4c12-b4b5-a0ddc2adfcf4&vt=2&s=AP-YFGMCGUNNIFB-2-1761841818769-39594441&sc=https%3A%2F%2F&ho=obfuscated-rm-base.example.com&pa=%2F&q=&ha=%23user%2FNuGetApiToken&u=obfuscated-rm-base.example.com%2F%23user%2FNuGetApiToken&gcx=%7B%22rm_serverVersion%22%3A%223.85.0-03%22%2C%22usertype%22%3A%22administrator%22%7D&cb=1761841915736-7586 HTTP/1.1" 200 0 - [qtp2079250408-98]
[30/Oct/2025:16:31:56 +0000] - "POST https://clm.sonatype.com/user-telemetry/v1/rte/v2/command?p=AP-YFGMCGUNNIFB-2&et=click HTTP/1.1" 200 0 - [qtp2079250408-30]
[30/Oct/2025:16:31:56 +0000] - "POST https://clm.sonatype.com/user-telemetry/v1/rte/v2/command?p=AP-YFGMCGUNNIFB-2&et=pageview HTTP/1.1" 200 0 - [qtp2079250408-27]
[30/Oct/2025:16:31:57 +0000] - "GET https://clm.sonatype.com/user-telemetry/v1/rte/v1/inapp?p=AP-YFGMCGUNNIFB-2&sv=0.53.0&v=AP-YFGMCGUNNIFB-2-1761841818771-97162728&ai=6b933aba-006b-4c12-b4b5-a0ddc2adfcf4&vt=2&s=AP-YFGMCGUNNIFB-2-1761841818769-39594441&sc=https%3A%2F%2F&ho=obfuscated-rm-base.example.com&pa=%2F&q=&ha=%23user%2FNuGetApiToken&u=obfuscated-rm-base.example.com%2F%23user%2FNuGetApiToken&gcx=%7B%22rm_serverVersion%22%3A%223.85.0-03%22%2C%22usertype%22%3A%22administrator%22%7D&cb=1761841916782-8254 HTTP/1.1" 200 0 - [qtp2079250408-29]
[30/Oct/2025:16:32:03 +0000] - "POST https://clm.sonatype.com/user-telemetry/v1/rte/v2/command?p=AP-YFGMCGUNNIFB-2&et=click HTTP/1.1" 200 0 - [qtp2079250408-98]
[30/Oct/2025:16:32:04 +0000] - "GET https://clm.sonatype.com/user-telemetry/v1/rte/v1/inapp?p=AP-YFGMCGUNNIFB-2&sv=0.53.0&v=AP-YFGMCGUNNIFB-2-1761841818771-97162728&ai=6b933aba-006b-4c12-b4b5-a0ddc2adfcf4&vt=2&s=AP-YFGMCGUNNIFB-2-1761841818769-39594441&sc=https%3A%2F%2F&ho=obfuscated-rm-base.example.com&pa=%2F&q=&ha=%23user%2FNuGetApiToken&u=obfuscated-rm-base.example.com%2F%23user%2FNuGetApiToken&gcx=%7B%22rm_serverVersion%22%3A%223.85.0-03%22%2C%22usertype%22%3A%22administrator%22%7D&cb=1761841923658-3595 HTTP/1.1" 200 0 - [qtp2079250408-104]
[30/Oct/2025:16:32:04 +0000] - "POST https://clm.sonatype.com/user-telemetry/v1/rte/v2/command?p=AP-YFGMCGUNNIFB-2&et=click HTTP/1.1" 200 0 - [qtp2079250408-105]
[30/Oct/2025:16:32:05 +0000] - "GET https://clm.sonatype.com/user-telemetry/v1/rte/v1/inapp?p=AP-YFGMCGUNNIFB-2&sv=0.53.0&v=AP-YFGMCGUNNIFB-2-1761841818771-97162728&ai=6b933aba-006b-4c12-b4b5-a0ddc2adfcf4&vt=2&s=AP-YFGMCGUNNIFB-2-1761841818769-39594441&sc=https%3A%2F%2F&ho=obfuscated-rm-base.example.com&pa=%2F&q=&ha=%23user%2FNuGetApiToken&u=obfuscated-rm-base.example.com%2F%23user%2FNuGetApiToken&gcx=%7B%22rm_serverVersion%22%3A%223.85.0-03%22%2C%22usertype%22%3A%22administrator%22%7D&cb=1761841925133-7618 HTTP/1.1" 200 0 - [qtp2079250408-26]
[30/Oct/2025:16:32:06 +0000] - "POST https://clm.sonatype.com/user-telemetry/v1/rte/v2/command?p=AP-YFGMCGUNNIFB-2&et=click HTTP/1.1" 200 0 - [qtp2079250408-29]
[30/Oct/2025:16:32:06 +0000] - "GET https://clm.sonatype.com/user-telemetry/v1/rte/v1/inapp?p=AP-YFGMCGUNNIFB-2&sv=0.53.0&v=AP-YFGMCGUNNIFB-2-1761841818771-97162728&ai=6b933aba-006b-4c12-b4b5-a0ddc2adfcf4&vt=2&s=AP-YFGMCGUNNIFB-2-1761841818769-39594441&sc=https%3A%2F%2F&ho=obfuscated-rm-base.example.com&pa=%2F&q=&ha=%23user%2FNuGetApiToken&u=obfuscated-rm-base.example.com%2F%23user%2FNuGetApiToken&gcx=%7B%22rm_serverVersion%22%3A%223.85.0-03%22%2C%22usertype%22%3A%22administrator%22%7D&cb=1761841926729-2973 HTTP/1.1" 200 0 - [qtp2079250408-30]
[30/Oct/2025:16:32:07 +0000] - "POST https://clm.sonatype.com/user-telemetry/v1/rte/v2/command?p=AP-YFGMCGUNNIFB-2&et=click HTTP/1.1" 200 0 - [qtp2079250408-98]
[30/Oct/2025:16:32:07 +0000] - "POST https://clm.sonatype.com/user-telemetry/v1/rte/v2/command?p=AP-YFGMCGUNNIFB-2&et=pageview HTTP/1.1" 200 0 - [qtp2079250408-101]
[30/Oct/2025:16:32:08 +0000] - "GET https://clm.sonatype.com/user-telemetry/v1/rte/v1/inapp?p=AP-YFGMCGUNNIFB-2&sv=0.53.0&v=AP-YFGMCGUNNIFB-2-1761841818771-97162728&ai=6b933aba-006b-4c12-b4b5-a0ddc2adfcf4&vt=2&s=AP-YFGMCGUNNIFB-2-1761841818769-39594441&sc=https%3A%2F%2F&ho=obfuscated-rm-base.example.com&pa=%2F&q=&ha=%23user%2FNuGetApiToken&u=obfuscated-rm-base.example.com%2F%23user%2FNuGetApiToken&gcx=%7B%22rm_serverVersion%22%3A%223.85.0-03%22%2C%22usertype%22%3A%22administrator%22%7D&cb=1761841928056-3199 HTTP/1.1" 200 0 - [qtp2079250408-105]
[30/Oct/2025:16:32:09 +0000] - "POST https://clm.sonatype.com/user-telemetry/v1/rte/v2/command?p=AP-YFGMCGUNNIFB-2&et=click HTTP/1.1" 200 0 - [qtp2079250408-26]
[30/Oct/2025:16:32:10 +0000] - "GET https://clm.sonatype.com/user-telemetry/v1/rte/v1/inapp?p=AP-YFGMCGUNNIFB-2&sv=0.53.0&v=AP-YFGMCGUNNIFB-2-1761841818771-97162728&ai=6b933aba-006b-4c12-b4b5-a0ddc2adfcf4&vt=2&s=AP-YFGMCGUNNIFB-2-1761841818769-39594441&sc=https%3A%2F%2F&ho=obfuscated-rm-base.example.com&pa=%2F&q=&ha=%23user%2FNuGetApiToken&u=obfuscated-rm-base.example.com%2F%23user%2FNuGetApiToken&gcx=%7B%22rm_serverVersion%22%3A%223.85.0-03%22%2C%22usertype%22%3A%22administrator%22%7D&cb=1761841929901-7995 HTTP/1.1" 200 0 - [qtp2079250408-28]
[30/Oct/2025:16:32:11 +0000] - "POST https://clm.sonatype.com/user-telemetry/v1/rte/v2/command?p=AP-YFGMCGUNNIFB-2&et=pageview HTTP/1.1" 200 0 - [qtp2079250408-104]
[30/Oct/2025:16:32:11 +0000] - "POST https://clm.sonatype.com/user-telemetry/v1/rte/v2/command?p=AP-YFGMCGUNNIFB-2&et=pageview HTTP/1.1" 200 0 - [qtp2079250408-105]
[30/Oct/2025:16:32:11 +0000] - "POST https://clm.sonatype.com/user-telemetry/v1/rte/v2/command?p=AP-YFGMCGUNNIFB-2&et=click HTTP/1.1" 200 0 - [qtp2079250408-30]
[30/Oct/2025:16:32:12 +0000] - "GET https://clm.sonatype.com/user-telemetry/v1/rte/v1/inapp?p=AP-YFGMCGUNNIFB-2&sv=0.53.0&v=AP-YFGMCGUNNIFB-2-1761841818771-97162728&ai=6b933aba-006b-4c12-b4b5-a0ddc2adfcf4&vt=2&s=AP-YFGMCGUNNIFB-2-1761841818769-39594441&sc=https%3A%2F%2F&ho=obfuscated-rm-base.example.com&pa=%2F&q=&ha=%23user%2Faccount&u=obfuscated-rm-base.example.com%2F%23user%2Faccount&gcx=%7B%22rm_serverVersion%22%3A%223.85.0-03%22%2C%22usertype%22%3A%22administrator%22%7D&cb=1761841932054-7254 HTTP/1.1" 200 0 - [qtp2079250408-98]
[30/Oct/2025:16:32:15 +0000] - "POST https://clm.sonatype.com/user-telemetry/v1/rte/v2/command?p=AP-YFGMCGUNNIFB-2&et=click HTTP/1.1" 200 0 - [qtp2079250408-100]
[30/Oct/2025:16:32:16 +0000] - "GET https://clm.sonatype.com/user-telemetry/v1/rte/v1/inapp?p=AP-YFGMCGUNNIFB-2&sv=0.53.0&v=AP-YFGMCGUNNIFB-2-1761841818771-97162728&ai=6b933aba-006b-4c12-b4b5-a0ddc2adfcf4&vt=2&s=AP-YFGMCGUNNIFB-2-1761841818769-39594441&sc=https%3A%2F%2F&ho=obfuscated-rm-base.example.com&pa=%2F&q=&ha=%23user%2Faccount&u=obfuscated-rm-base.example.com%2F%23user%2Faccount&gcx=%7B%22rm_serverVersion%22%3A%223.85.0-03%22%2C%22usertype%22%3A%22administrator%22%7D&cb=1761841936006-8369 HTTP/1.1" 200 0 - [qtp2079250408-105]
[30/Oct/2025:16:32:16 +0000] - "POST https://clm.sonatype.com/user-telemetry/v1/rte/v2/command?p=AP-YFGMCGUNNIFB-2&et=click HTTP/1.1" 200 0 - [qtp2079250408-28]
[30/Oct/2025:16:32:17 +0000] - "GET https://clm.sonatype.com/user-telemetry/v1/rte/v1/inapp?p=AP-YFGMCGUNNIFB-2&sv=0.53.0&v=AP-YFGMCGUNNIFB-2-1761841818771-97162728&ai=6b933aba-006b-4c12-b4b5-a0ddc2adfcf4&vt=2&s=AP-YFGMCGUNNIFB-2-1761841818769-39594441&sc=https%3A%2F%2F&ho=obfuscated-rm-base.example.com&pa=%2F&q=&ha=%23user%2Faccount&u=obfuscated-rm-base.example.com%2F%23user%2Faccount&gcx=%7B%22rm_serverVersion%22%3A%223.85.0-03%22%2C%22usertype%22%3A%22administrator%22%7D&cb=1761841937416-4137 HTTP/1.1" 200 0 - [qtp2079250408-29]
[30/Oct/2025:16:32:18 +0000] - "POST https://clm.sonatype.com/user-telemetry/v1/rte/v2/command?p=AP-YFGMCGUNNIFB-2&et=click HTTP/1.1" 200 0 - [qtp2079250408-30]
[30/Oct/2025:16:32:19 +0000] - "GET https://clm.sonatype.com/user-telemetry/v1/rte/v1/inapp?p=AP-YFGMCGUNNIFB-2&sv=0.53.0&v=AP-YFGMCGUNNIFB-2-1761841818771-97162728&ai=6b933aba-006b-4c12-b4b5-a0ddc2adfcf4&vt=2&s=AP-YFGMCGUNNIFB-2-1761841818769-39594441&sc=https%3A%2F%2F&ho=obfuscated-rm-base.example.com&pa=%2F&q=&ha=%23user%2Faccount&u=obfuscated-rm-base.example.com%2F%23user%2Faccount&gcx=%7B%22rm_serverVersion%22%3A%223.85.0-03%22%2C%22usertype%22%3A%22administrator%22%7D&cb=1761841938761-9153 HTTP/1.1" 200 0 - [qtp2079250408-98]
[30/Oct/2025:16:32:21 +0000] - "POST https://clm.sonatype.com/user-telemetry/v1/rte/v2/command?p=AP-YFGMCGUNNIFB-2&et=click HTTP/1.1" 200 0 - [qtp2079250408-104]
[30/Oct/2025:16:32:22 +0000] - "GET https://clm.sonatype.com/user-telemetry/v1/rte/v1/inapp?p=AP-YFGMCGUNNIFB-2&sv=0.53.0&v=AP-YFGMCGUNNIFB-2-1761841818771-97162728&ai=6b933aba-006b-4c12-b4b5-a0ddc2adfcf4&vt=2&s=AP-YFGMCGUNNIFB-2-1761841818769-39594441&sc=https%3A%2F%2F&ho=obfuscated-rm-base.example.com&pa=%2F&q=&ha=%23user%2Faccount&u=obfuscated-rm-base.example.com%2F%23user%2Faccount&gcx=%7B%22rm_serverVersion%22%3A%223.85.0-03%22%2C%22usertype%22%3A%22administrator%22%7D&cb=1761841942356-5874 HTTP/1.1" 200 0 - [qtp2079250408-105]
[30/Oct/2025:16:32:24 +0000] - "POST https://clm.sonatype.com/user-telemetry/v1/rte/v2/command?p=AP-YFGMCGUNNIFB-2&et=click HTTP/1.1" 200 0 - [qtp2079250408-26]
[30/Oct/2025:16:32:24 +0000] - "POST https://clm.sonatype.com/user-telemetry/v1/rte/v2/command?p=AP-YFGMCGUNNIFB-2&et=pageview HTTP/1.1" 200 0 - [qtp2079250408-29]
[30/Oct/2025:16:32:25 +0000] - "GET https://clm.sonatype.com/user-telemetry/v1/rte/v1/inapp?p=AP-YFGMCGUNNIFB-2&sv=0.53.0&v=AP-YFGMCGUNNIFB-2-1761841818771-97162728&ai=6b933aba-006b-4c12-b4b5-a0ddc2adfcf4&vt=2&s=AP-YFGMCGUNNIFB-2-1761841818769-39594441&sc=https%3A%2F%2F&ho=obfuscated-rm-base.example.com&pa=%2F&q=&ha=%23user%2Faccount&u=obfuscated-rm-base.example.com%2F%23user%2Faccount&gcx=%7B%22rm_serverVersion%22%3A%223.85.0-03%22%2C%22usertype%22%3A%22administrator%22%7D&cb=1761841944996-1313 HTTP/1.1" 200 0 - [qtp2079250408-30]
[30/Oct/2025:16:32:26 +0000] - "POST https://clm.sonatype.com/user-telemetry/v1/rte/v2/command?p=AP-YFGMCGUNNIFB-2&et=click HTTP/1.1" 200 0 - [qtp2079250408-100]
[30/Oct/2025:16:32:26 +0000] - "POST https://clm.sonatype.com/user-telemetry/v1/rte/v2/command?p=AP-YFGMCGUNNIFB-2&et=pageview HTTP/1.1" 200 0 - [qtp2079250408-104]
[30/Oct/2025:16:32:26 +0000] - "POST https://clm.sonatype.com/user-telemetry/v1/rte/v2/command?p=AP-YFGMCGUNNIFB-2&et=pageview HTTP/1.1" 200 0 - [qtp2079250408-28]
[30/Oct/2025:16:32:27 +0000] - "GET https://clm.sonatype.com/user-telemetry/v1/rte/v1/inapp?p=AP-YFGMCGUNNIFB-2&sv=0.53.0&v=AP-YFGMCGUNNIFB-2-1761841818771-97162728&ai=6b933aba-006b-4c12-b4b5-a0ddc2adfcf4&vt=2&s=AP-YFGMCGUNNIFB-2-1761841818769-39594441&sc=https%3A%2F%2F&ho=obfuscated-rm-base.example.com&pa=%2F&q=&ha=%23browse%2Fupload&u=obfuscated-rm-base.example.com%2F%23browse%2Fupload&gcx=%7B%22rm_serverVersion%22%3A%223.85.0-03%22%2C%22usertype%22%3A%22administrator%22%7D&cb=1761841947390-8319 HTTP/1.1" 200 0 - [qtp2079250408-29]
[30/Oct/2025:16:32:29 +0000] - "POST https://clm.sonatype.com/user-telemetry/v1/rte/v2/command?p=AP-YFGMCGUNNIFB-2&et=click HTTP/1.1" 200 0 - [qtp2079250408-30]
[30/Oct/2025:16:32:30 +0000] - "POST https://clm.sonatype.com/user-telemetry/v1/rte/v2/command?p=AP-YFGMCGUNNIFB-2&et=pageview HTTP/1.1" 200 0 - [qtp2079250408-105]
[30/Oct/2025:16:32:30 +0000] - "GET https://clm.sonatype.com/user-telemetry/v1/rte/v1/inapp?p=AP-YFGMCGUNNIFB-2&sv=0.53.0&v=AP-YFGMCGUNNIFB-2-1761841818771-97162728&ai=6b933aba-006b-4c12-b4b5-a0ddc2adfcf4&vt=2&s=AP-YFGMCGUNNIFB-2-1761841818769-39594441&sc=https%3A%2F%2F&ho=obfuscated-rm-base.example.com&pa=%2F&q=&ha=%23browse%2Fupload%2Fmaven-releases&u=obfuscated-rm-base.example.com%2F%23browse%2Fupload%2Fmaven-releases&gcx=%7B%22rm_serverVersion%22%3A%223.85.0-03%22%2C%22usertype%22%3A%22administrator%22%7D&cb=1761841950435-9271 HTTP/1.1" 200 0 - [qtp2079250408-29]
[30/Oct/2025:16:32:31 +0000] - "POST https://clm.sonatype.com/user-telemetry/v1/rte/v2/command?p=AP-YFGMCGUNNIFB-2&et=linkClick HTTP/1.1" 200 0 - [qtp2079250408-30]
[30/Oct/2025:16:32:31 +0000] - "POST https://clm.sonatype.com/user-telemetry/v1/rte/v2/command?p=AP-YFGMCGUNNIFB-2&et=pageview HTTP/1.1" 200 0 - [qtp2079250408-32]
[30/Oct/2025:16:32:31 +0000] - "POST https://clm.sonatype.com/user-telemetry/v1/rte/v2/command?p=AP-YFGMCGUNNIFB-2&et=pageview HTTP/1.1" 200 0 - [qtp2079250408-98]
[30/Oct/2025:16:32:32 +0000] - "GET https://clm.sonatype.com/user-telemetry/v1/rte/v1/inapp?p=AP-YFGMCGUNNIFB-2&sv=0.53.0&v=AP-YFGMCGUNNIFB-2-1761841818771-97162728&ai=6b933aba-006b-4c12-b4b5-a0ddc2adfcf4&vt=2&s=AP-YFGMCGUNNIFB-2-1761841818769-39594441&sc=https%3A%2F%2F&ho=obfuscated-rm-base.example.com&pa=%2F&q=&ha=%23browse%2Fbrowse&u=obfuscated-rm-base.example.com%2F%23browse%2Fbrowse&gcx=%7B%22rm_serverVersion%22%3A%223.85.0-03%22%2C%22usertype%22%3A%22administrator%22%7D&cb=1761841951769-8322 HTTP/1.1" 200 0 - [qtp2079250408-101]
[30/Oct/2025:16:32:35 +0000] - "POST https://clm.sonatype.com/user-telemetry/v1/rte/v2/command?p=AP-YFGMCGUNNIFB-2&et=click HTTP/1.1" 200 0 - [qtp2079250408-105]
[30/Oct/2025:16:32:35 +0000] - "POST https://clm.sonatype.com/user-telemetry/v1/rte/v2/command?p=AP-YFGMCGUNNIFB-2&et=pageview HTTP/1.1" 200 0 - [qtp2079250408-28]
[30/Oct/2025:16:32:35 +0000] - "POST https://clm.sonatype.com/user-telemetry/v1/rte/v2/command?p=AP-YFGMCGUNNIFB-2&et=pageview HTTP/1.1" 200 0 - [qtp2079250408-104]
[30/Oct/2025:16:32:35 +0000] - "POST https://clm.sonatype.com/user-telemetry/v1/rte/v2/command?p=AP-YFGMCGUNNIFB-2&et=custom HTTP/1.1" 200 0 - [qtp2079250408-100]
[30/Oct/2025:16:32:35 +0000] - "GET https://clm.sonatype.com/user-telemetry/v1/rte/v1/inapp?p=AP-YFGMCGUNNIFB-2&sv=0.53.0&v=AP-YFGMCGUNNIFB-2-1761841818771-97162728&ai=6b933aba-006b-4c12-b4b5-a0ddc2adfcf4&vt=2&s=AP-YFGMCGUNNIFB-2-1761841818769-39594441&sc=https%3A%2F%2F&ho=obfuscated-rm-base.example.com&pa=%2F&q=&ha=%23browse%2Fsearch%2Fgeneric&u=obfuscated-rm-base.example.com%2F%23browse%2Fsearch%2Fgeneric&gcx=%7B%22rm_serverVersion%22%3A%223.85.0-03%22%2C%22usertype%22%3A%22administrator%22%7D&cb=1761841955680-1418 HTTP/1.1" 200 0 - [qtp2079250408-104]
[30/Oct/2025:16:32:36 +0000] - "POST https://clm.sonatype.com/user-telemetry/v1/rte/v2/command?p=AP-YFGMCGUNNIFB-2&et=linkClick HTTP/1.1" 200 0 - [qtp2079250408-105]
[30/Oct/2025:16:32:36 +0000] - "POST https://clm.sonatype.com/user-telemetry/v1/rte/v2/command?p=AP-YFGMCGUNNIFB-2&et=pageview HTTP/1.1" 200 0 - [qtp2079250408-30]
[30/Oct/2025:16:32:36 +0000] - "POST https://clm.sonatype.com/user-telemetry/v1/rte/v2/command?p=AP-YFGMCGUNNIFB-2&et=custom HTTP/1.1" 200 0 - [qtp2079250408-100]
[30/Oct/2025:16:32:36 +0000] - "POST https://clm.sonatype.com/user-telemetry/v1/rte/v2/command?p=AP-YFGMCGUNNIFB-2&et=pageview HTTP/1.1" 200 0 - [qtp2079250408-28]
[30/Oct/2025:16:32:37 +0000] - "GET https://clm.sonatype.com/user-telemetry/v1/rte/v1/inapp?p=AP-YFGMCGUNNIFB-2&sv=0.53.0&v=AP-YFGMCGUNNIFB-2-1761841818771-97162728&ai=6b933aba-006b-4c12-b4b5-a0ddc2adfcf4&vt=2&s=AP-YFGMCGUNNIFB-2-1761841818769-39594441&sc=https%3A%2F%2F&ho=obfuscated-rm-base.example.com&pa=%2F&q=&ha=%23browse%2Fsearch%2Fcustom%2F&u=obfuscated-rm-base.example.com%2F%23browse%2Fsearch%2Fcustom%2F&gcx=%7B%22rm_serverVersion%22%3A%223.85.0-03%22%2C%22usertype%22%3A%22administrator%22%7D&cb=1761841956835-1197 HTTP/1.1" 200 0 - [qtp2079250408-98]
[30/Oct/2025:16:32:40 +0000] - "POST https://clm.sonatype.com/user-telemetry/v1/rte/v2/command?p=AP-YFGMCGUNNIFB-2&et=click HTTP/1.1" 200 0 - [qtp2079250408-100]
[30/Oct/2025:16:32:40 +0000] - "POST https://clm.sonatype.com/user-telemetry/v1/rte/v2/command?p=AP-YFGMCGUNNIFB-2&et=custom HTTP/1.1" 200 0 - [qtp2079250408-105]
[30/Oct/2025:16:32:41 +0000] - "GET https://clm.sonatype.com/user-telemetry/v1/rte/v1/inapp?p=AP-YFGMCGUNNIFB-2&sv=0.53.0&v=AP-YFGMCGUNNIFB-2-1761841818771-97162728&ai=6b933aba-006b-4c12-b4b5-a0ddc2adfcf4&vt=2&s=AP-YFGMCGUNNIFB-2-1761841818769-39594441&sc=https%3A%2F%2F&ho=obfuscated-rm-base.example.com&pa=%2F&q=&ha=%23browse%2Fsearch%2Fcustom%2F&u=obfuscated-rm-base.example.com%2F%23browse%2Fsearch%2Fcustom%2F&gcx=%7B%22rm_serverVersion%22%3A%223.85.0-03%22%2C%22usertype%22%3A%22administrator%22%7D&cb=1761841961019-4191 HTTP/1.1" 200 0 - [qtp2079250408-28]
[30/Oct/2025:16:32:41 +0000] - "POST https://clm.sonatype.com/user-telemetry/v1/rte/v2/command?p=AP-YFGMCGUNNIFB-2&et=click HTTP/1.1" 200 0 - [qtp2079250408-104]
[30/Oct/2025:16:32:42 +0000] - "GET https://clm.sonatype.com/user-telemetry/v1/rte/v1/inapp?p=AP-YFGMCGUNNIFB-2&sv=0.53.0&v=AP-YFGMCGUNNIFB-2-1761841818771-97162728&ai=6b933aba-006b-4c12-b4b5-a0ddc2adfcf4&vt=2&s=AP-YFGMCGUNNIFB-2-1761841818769-39594441&sc=https%3A%2F%2F&ho=obfuscated-rm-base.example.com&pa=%2F&q=&ha=%23browse%2Fsearch%2Fcustom%2F&u=obfuscated-rm-base.example.com%2F%23browse%2Fsearch%2Fcustom%2F&gcx=%7B%22rm_serverVersion%22%3A%223.85.0-03%22%2C%22usertype%22%3A%22administrator%22%7D&cb=1761841962020-6174 HTTP/1.1" 200 0 - [qtp2079250408-105]
[30/Oct/2025:16:32:43 +0000] - "POST https://clm.sonatype.com/user-telemetry/v1/rte/v2/command?p=AP-YFGMCGUNNIFB-2&et=pageview HTTP/1.1" 200 0 - [qtp2079250408-30]
[30/Oct/2025:16:32:43 +0000] - "POST https://clm.sonatype.com/user-telemetry/v1/rte/v2/command?p=AP-YFGMCGUNNIFB-2&et=click HTTP/1.1" 200 0 - [qtp2079250408-26]
[30/Oct/2025:16:32:43 +0000] - "GET https://clm.sonatype.com/user-telemetry/v1/rte/v1/inapp?p=AP-YFGMCGUNNIFB-2&sv=0.53.0&v=AP-YFGMCGUNNIFB-2-1761841818771-97162728&ai=6b933aba-006b-4c12-b4b5-a0ddc2adfcf4&vt=2&s=AP-YFGMCGUNNIFB-2-1761841818769-39594441&sc=https%3A%2F%2F&ho=obfuscated-rm-base.example.com&pa=%2F&q=&ha=%23browse%2Fsearch%2Fcustom%2F&u=obfuscated-rm-base.example.com%2F%23browse%2Fsearch%2Fcustom%2F&gcx=%7B%22rm_serverVersion%22%3A%223.85.0-03%22%2C%22usertype%22%3A%22administrator%22%7D&cb=1761841963543-9412 HTTP/1.1" 200 0 - [qtp2079250408-28]
[30/Oct/2025:16:32:48 +0000] - "GET https://clm.sonatype.com/user-telemetry/v1/style.css?a=AP-YFGMCGUNNIFB-2 HTTP/1.1" 200 52896 - [qtp2079250408-32]
[30/Oct/2025:16:33:00 +0000] - "POST https://clm.sonatype.com/user-telemetry/v1/rte/v2/command?p=AP-YFGMCGUNNIFB-2&et=click HTTP/1.1" 200 0 - [qtp2079250408-100]
[30/Oct/2025:16:33:00 +0000] - "POST https://clm.sonatype.com/user-telemetry/v1/rte/v2/command?p=AP-YFGMCGUNNIFB-2&et=custom HTTP/1.1" 200 0 - [qtp2079250408-28]
[30/Oct/2025:16:33:01 +0000] - "GET https://clm.sonatype.com/user-telemetry/v1/rte/v1/inapp?p=AP-YFGMCGUNNIFB-2&sv=0.53.0&v=AP-YFGMCGUNNIFB-2-1761841818771-97162728&ai=6b933aba-006b-4c12-b4b5-a0ddc2adfcf4&vt=2&s=AP-YFGMCGUNNIFB-2-1761841818769-39594441&sc=https%3A%2F%2F&ho=obfuscated-rm-base.example.com&pa=%2F&q=&ha=%23browse%2Fsearch%2Fcustom%2F&u=obfuscated-rm-base.example.com%2F%23browse%2Fsearch%2Fcustom%2F&gcx=%7B%22rm_serverVersion%22%3A%223.85.0-03%22%2C%22usertype%22%3A%22administrator%22%7D&cb=1761841980899-9566 HTTP/1.1" 200 0 - [qtp2079250408-32]
[30/Oct/2025:16:33:10 +0000] - "POST https://clm.sonatype.com/user-telemetry/v1/rte/v2/command?p=AP-YFGMCGUNNIFB-2&et=pageview HTTP/1.1" 200 0 - [qtp2079250408-105]
[30/Oct/2025:16:33:10 +0000] - "POST https://clm.sonatype.com/user-telemetry/v1/rte/v2/command?p=AP-YFGMCGUNNIFB-2&et=click HTTP/1.1" 200 0 - [qtp2079250408-100]
[30/Oct/2025:16:33:10 +0000] - "GET https://clm.sonatype.com/user-telemetry/v1/rte/v1/inapp?p=AP-YFGMCGUNNIFB-2&sv=0.53.0&v=AP-YFGMCGUNNIFB-2-1761841818771-97162728&ai=6b933aba-006b-4c12-b4b5-a0ddc2adfcf4&vt=2&s=AP-YFGMCGUNNIFB-2-1761841818769-39594441&sc=https%3A%2F%2F&ho=obfuscated-rm-base.example.com&pa=%2F&q=&ha=%23browse%2Fsearch%2Fcustom%2F&u=obfuscated-rm-base.example.com%2F%23browse%2Fsearch%2Fcustom%2F&gcx=%7B%22rm_serverVersion%22%3A%223.85.0-03%22%2C%22usertype%22%3A%22administrator%22%7D&cb=1761841990354-8221 HTTP/1.1" 200 0 - [qtp2079250408-101]
[30/Oct/2025:16:33:12 +0000] - "POST https://clm.sonatype.com/user-telemetry/v1/rte/v2/command?p=AP-YFGMCGUNNIFB-2&et=pageview HTTP/1.1" 200 0 - [qtp2079250408-26]
[30/Oct/2025:16:33:12 +0000] - "POST https://clm.sonatype.com/user-telemetry/v1/rte/v2/command?p=AP-YFGMCGUNNIFB-2&et=click HTTP/1.1" 200 0 - [qtp2079250408-28]
[30/Oct/2025:16:33:13 +0000] - "POST https://clm.sonatype.com/user-telemetry/v1/rte/v2/command?p=AP-YFGMCGUNNIFB-2&et=custom HTTP/1.1" 200 0 - [qtp2079250408-98]
[30/Oct/2025:16:33:13 +0000] - "POST https://clm.sonatype.com/user-telemetry/v1/rte/v2/command?p=AP-YFGMCGUNNIFB-2&et=pageview HTTP/1.1" 200 0 - [qtp2079250408-104]
[30/Oct/2025:16:33:13 +0000] - "POST https://clm.sonatype.com/user-telemetry/v1/rte/v2/command?p=AP-YFGMCGUNNIFB-2&et=click HTTP/1.1" 200 0 - [qtp2079250408-105]
[30/Oct/2025:16:33:13 +0000] - "POST https://clm.sonatype.com/user-telemetry/v1/rte/v2/command?p=AP-YFGMCGUNNIFB-2&et=pageview HTTP/1.1" 200 0 - [qtp2079250408-100]
[30/Oct/2025:16:33:13 +0000] - "POST https://clm.sonatype.com/user-telemetry/v1/rte/v2/command?p=AP-YFGMCGUNNIFB-2&et=pageview HTTP/1.1" 200 0 - [qtp2079250408-29]
[30/Oct/2025:16:33:14 +0000] - "POST https://clm.sonatype.com/user-telemetry/v1/rte/v2/command?p=AP-YFGMCGUNNIFB-2&et=custom HTTP/1.1" 200 0 - [qtp2079250408-102]
[30/Oct/2025:16:33:14 +0000] - "POST https://clm.sonatype.com/user-telemetry/v1/rte/v2/command?p=AP-YFGMCGUNNIFB-2&et=linkClick HTTP/1.1" 200 0 - [qtp2079250408-98]
[30/Oct/2025:16:33:14 +0000] - "POST https://clm.sonatype.com/user-telemetry/v1/rte/v2/command?p=AP-YFGMCGUNNIFB-2&et=pageview HTTP/1.1" 200 0 - [qtp2079250408-101]
[30/Oct/2025:16:33:14 +0000] - "POST https://clm.sonatype.com/user-telemetry/v1/rte/v2/command?p=AP-YFGMCGUNNIFB-2&et=pageview HTTP/1.1" 200 0 - [qtp2079250408-27]
[30/Oct/2025:16:33:14 +0000] - "GET https://clm.sonatype.com/user-telemetry/v1/rte/v1/inapp?p=AP-YFGMCGUNNIFB-2&sv=0.53.0&v=AP-YFGMCGUNNIFB-2-1761841818771-97162728&ai=6b933aba-006b-4c12-b4b5-a0ddc2adfcf4&vt=2&s=AP-YFGMCGUNNIFB-2-1761841818769-39594441&sc=https%3A%2F%2F&ho=obfuscated-rm-base.example.com&pa=%2F&q=&ha=%23browse%2Fsearch%2Fnuget%2F&u=obfuscated-rm-base.example.com%2F%23browse%2Fsearch%2Fnuget%2F&gcx=%7B%22rm_serverVersion%22%3A%223.85.0-03%22%2C%22usertype%22%3A%22administrator%22%7D&cb=1761841994251-9524 HTTP/1.1" 200 0 - [qtp2079250408-104]
[30/Oct/2025:16:33:15 +0000] - "GET https://clm.sonatype.com/user-telemetry/v1/rte/v1/inapp?p=AP-YFGMCGUNNIFB-2&sv=0.53.0&v=AP-YFGMCGUNNIFB-2-1761841818771-97162728&ai=6b933aba-006b-4c12-b4b5-a0ddc2adfcf4&vt=2&s=AP-YFGMCGUNNIFB-2-1761841818769-39594441&sc=https%3A%2F%2F&ho=obfuscated-rm-base.example.com&pa=%2F&q=&ha=%23browse%2Fwelcome&u=obfuscated-rm-base.example.com%2F%23browse%2Fwelcome&gcx=%7B%22rm_serverVersion%22%3A%223.85.0-03%22%2C%22usertype%22%3A%22administrator%22%7D&cb=1761841995081-8149 HTTP/1.1" 200 0 - [qtp2079250408-98]
[30/Oct/2025:16:33:21 +0000] - "POST https://clm.sonatype.com/user-telemetry/v1/rte/v2/command?p=AP-YFGMCGUNNIFB-2&et=click HTTP/1.1" 200 0 - [qtp2079250408-104]
[30/Oct/2025:16:34:05 +0000] - "POST https://clm.sonatype.com/user-telemetry/v1/rte/v2/command?p=AP-YFGMCGUNNIFB-2&et=pageview HTTP/1.1" 200 0 - [qtp2079250408-98]
[30/Oct/2025:16:34:05 +0000] - "POST https://clm.sonatype.com/user-telemetry/v1/rte/v2/command?p=AP-YFGMCGUNNIFB-2&et=pageview HTTP/1.1" 200 0 - [qtp2079250408-32]
[30/Oct/2025:16:34:05 +0000] - "POST https://clm.sonatype.com/user-telemetry/v1/rte/v2/command?p=AP-YFGMCGUNNIFB-2&et=custom HTTP/1.1" 200 0 - [qtp2079250408-29]
[30/Oct/2025:16:34:06 +0000] - "GET https://clm.sonatype.com/user-telemetry/v1/rte/v1/inapp?p=AP-YFGMCGUNNIFB-2&sv=0.53.0&v=AP-YFGMCGUNNIFB-2-1761841818771-97162728&ai=6b933aba-006b-4c12-b4b5-a0ddc2adfcf4&vt=2&s=AP-YFGMCGUNNIFB-2-1761841818769-39594441&sc=https%3A%2F%2F&ho=obfuscated-rm-base.example.com&pa=%2F&q=&ha=%23browse%2Fsearch%2Fgeneric&u=obfuscated-rm-base.example.com%2F%23browse%2Fsearch%2Fgeneric&gcx=%7B%22rm_serverVersion%22%3A%223.85.0-03%22%2C%22usertype%22%3A%22administrator%22%7D&cb=1761842046391-3211 HTTP/1.1" 200 0 - [qtp2079250408-30]
[30/Oct/2025:16:34:06 +0000] - "POST https://clm.sonatype.com/user-telemetry/v1/rte/v2/command?p=AP-YFGMCGUNNIFB-2&et=linkClick HTTP/1.1" 200 0 - [qtp2079250408-100]
[30/Oct/2025:16:34:06 +0000] - "POST https://clm.sonatype.com/user-telemetry/v1/rte/v2/command?p=AP-YFGMCGUNNIFB-2&et=pageview HTTP/1.1" 200 0 - [qtp2079250408-101]
[30/Oct/2025:16:34:06 +0000] - "POST https://clm.sonatype.com/user-telemetry/v1/rte/v2/command?p=AP-YFGMCGUNNIFB-2&et=pageview HTTP/1.1" 200 0 - [qtp2079250408-28]
[30/Oct/2025:16:34:07 +0000] - "GET https://clm.sonatype.com/user-telemetry/v1/rte/v1/inapp?p=AP-YFGMCGUNNIFB-2&sv=0.53.0&v=AP-YFGMCGUNNIFB-2-1761841818771-97162728&ai=6b933aba-006b-4c12-b4b5-a0ddc2adfcf4&vt=2&s=AP-YFGMCGUNNIFB-2-1761841818769-39594441&sc=https%3A%2F%2F&ho=obfuscated-rm-base.example.com&pa=%2F&q=&ha=%23browse%2Fwelcome&u=obfuscated-rm-base.example.com%2F%23browse%2Fwelcome&gcx=%7B%22rm_serverVersion%22%3A%223.85.0-03%22%2C%22usertype%22%3A%22administrator%22%7D&cb=1761842047215-1951 HTTP/1.1" 200 0 - [qtp2079250408-104]
[30/Oct/2025:16:34:07 +0000] - "POST https://clm.sonatype.com/user-telemetry/v1/rte/v2/command?p=AP-YFGMCGUNNIFB-2&et=pageview HTTP/1.1" 200 0 - [qtp2079250408-105]
[30/Oct/2025:16:34:07 +0000] - "POST https://clm.sonatype.com/user-telemetry/v1/rte/v2/command?p=AP-YFGMCGUNNIFB-2&et=pageview HTTP/1.1" 200 0 - [qtp2079250408-30]
[30/Oct/2025:16:34:07 +0000] - "POST https://clm.sonatype.com/user-telemetry/v1/rte/v2/command?p=AP-YFGMCGUNNIFB-2&et=custom HTTP/1.1" 200 0 - [qtp2079250408-101]
[30/Oct/2025:16:34:08 +0000] - "POST https://clm.sonatype.com/user-telemetry/v1/rte/v2/command?p=AP-YFGMCGUNNIFB-2&et=linkClick HTTP/1.1" 200 0 - [qtp2079250408-26]
[30/Oct/2025:16:34:08 +0000] - "POST https://clm.sonatype.com/user-telemetry/v1/rte/v2/command?p=AP-YFGMCGUNNIFB-2&et=linkClick HTTP/1.1" 200 0 - [qtp2079250408-104]
[30/Oct/2025:16:34:08 +0000] - "POST https://clm.sonatype.com/user-telemetry/v1/rte/v2/command?p=AP-YFGMCGUNNIFB-2&et=pageview HTTP/1.1" 200 0 - [qtp2079250408-100]
[30/Oct/2025:16:34:09 +0000] - "POST https://clm.sonatype.com/user-telemetry/v1/rte/v2/command?p=AP-YFGMCGUNNIFB-2&et=pageview HTTP/1.1" 200 0 - [qtp2079250408-28]
[30/Oct/2025:16:34:09 +0000] - "POST https://clm.sonatype.com/user-telemetry/v1/rte/v2/command?p=AP-YFGMCGUNNIFB-2&et=custom HTTP/1.1" 200 0 - [qtp2079250408-30]
[30/Oct/2025:16:34:09 +0000] - "GET https://clm.sonatype.com/user-telemetry/v1/rte/v1/inapp?p=AP-YFGMCGUNNIFB-2&sv=0.53.0&v=AP-YFGMCGUNNIFB-2-1761841818771-97162728&ai=6b933aba-006b-4c12-b4b5-a0ddc2adfcf4&vt=2&s=AP-YFGMCGUNNIFB-2-1761841818769-39594441&sc=https%3A%2F%2F&ho=obfuscated-rm-base.example.com&pa=%2F&q=&ha=%23browse%2Fsearch%2Fmaven%2F&u=obfuscated-rm-base.example.com%2F%23browse%2Fsearch%2Fmaven%2F&gcx=%7B%22rm_serverVersion%22%3A%223.85.0-03%22%2C%22usertype%22%3A%22administrator%22%7D&cb=1761842049033-9242 HTTP/1.1" 200 0 - [qtp2079250408-29]
[30/Oct/2025:16:34:09 +0000] - "POST https://clm.sonatype.com/user-telemetry/v1/rte/v2/command?p=AP-YFGMCGUNNIFB-2&et=linkClick HTTP/1.1" 200 0 - [qtp2079250408-32]
[30/Oct/2025:16:34:09 +0000] - "POST https://clm.sonatype.com/user-telemetry/v1/rte/v2/command?p=AP-YFGMCGUNNIFB-2&et=custom HTTP/1.1" 200 0 - [qtp2079250408-28]
[30/Oct/2025:16:34:09 +0000] - "POST https://clm.sonatype.com/user-telemetry/v1/rte/v2/command?p=AP-YFGMCGUNNIFB-2&et=pageview HTTP/1.1" 200 0 - [qtp2079250408-101]
[30/Oct/2025:16:34:10 +0000] - "POST https://clm.sonatype.com/user-telemetry/v1/rte/v2/command?p=AP-YFGMCGUNNIFB-2&et=pageview HTTP/1.1" 200 0 - [qtp2079250408-100]
[30/Oct/2025:16:34:10 +0000] - "POST https://clm.sonatype.com/user-telemetry/v1/rte/v2/command?p=AP-YFGMCGUNNIFB-2&et=click HTTP/1.1" 200 0 - [qtp2079250408-29]
[30/Oct/2025:16:34:10 +0000] - "POST https://clm.sonatype.com/user-telemetry/v1/rte/v2/command?p=AP-YFGMCGUNNIFB-2&et=pageview HTTP/1.1" 200 0 - [qtp2079250408-27]
[30/Oct/2025:16:34:11 +0000] - "POST https://clm.sonatype.com/user-telemetry/v1/rte/v2/command?p=AP-YFGMCGUNNIFB-2&et=pageview HTTP/1.1" 200 0 - [qtp2079250408-26]
[30/Oct/2025:16:34:11 +0000] - "POST https://clm.sonatype.com/user-telemetry/v1/rte/v2/command?p=AP-YFGMCGUNNIFB-2&et=click HTTP/1.1" 200 0 - [qtp2079250408-32]
[30/Oct/2025:16:34:11 +0000] - "POST https://clm.sonatype.com/user-telemetry/v1/rte/v2/command?p=AP-YFGMCGUNNIFB-2&et=linkClick HTTP/1.1" 200 0 - [qtp2079250408-29]
[30/Oct/2025:16:34:13 +0000] - "POST https://clm.sonatype.com/user-telemetry/v1/rte/v2/command?p=AP-YFGMCGUNNIFB-2&et=pageview HTTP/1.1" 200 0 - [qtp2079250408-30]
[30/Oct/2025:16:34:13 +0000] - "POST https://clm.sonatype.com/user-telemetry/v1/rte/v2/command?p=AP-YFGMCGUNNIFB-2&et=pageview HTTP/1.1" 200 0 - [qtp2079250408-100]
[30/Oct/2025:16:34:14 +0000] - "GET https://clm.sonatype.com/user-telemetry/v1/rte/v1/inapp?p=AP-YFGMCGUNNIFB-2&sv=0.53.0&v=AP-YFGMCGUNNIFB-2-1761841818771-97162728&ai=6b933aba-006b-4c12-b4b5-a0ddc2adfcf4&vt=2&s=AP-YFGMCGUNNIFB-2-1761841818769-39594441&sc=https%3A%2F%2F&ho=obfuscated-rm-base.example.com&pa=%2F&q=&ha=%23browse%2Fupload&u=obfuscated-rm-base.example.com%2F%23browse%2Fupload&gcx=%7B%22rm_serverVersion%22%3A%223.85.0-03%22%2C%22usertype%22%3A%22administrator%22%7D&cb=1761842054401-7938 HTTP/1.1" 200 0 - [qtp2079250408-101]
[30/Oct/2025:16:34:15 +0000] - "POST https://clm.sonatype.com/user-telemetry/v1/rte/v2/command?p=AP-YFGMCGUNNIFB-2&et=linkClick HTTP/1.1" 200 0 - [qtp2079250408-104]
[30/Oct/2025:16:34:16 +0000] - "POST https://clm.sonatype.com/user-telemetry/v1/rte/v2/command?p=AP-YFGMCGUNNIFB-2&et=custom HTTP/1.1" 200 0 - [qtp2079250408-30]
[30/Oct/2025:16:34:16 +0000] - "POST https://clm.sonatype.com/user-telemetry/v1/rte/v2/command?p=AP-YFGMCGUNNIFB-2&et=pageview HTTP/1.1" 200 0 - [qtp2079250408-27]
[30/Oct/2025:16:34:17 +0000] - "POST https://clm.sonatype.com/user-telemetry/v1/rte/v2/command?p=AP-YFGMCGUNNIFB-2&et=pageview HTTP/1.1" 200 0 - [qtp2079250408-32]
[30/Oct/2025:16:34:17 +0000] - "GET https://clm.sonatype.com/user-telemetry/v1/rte/v1/inapp?p=AP-YFGMCGUNNIFB-2&sv=0.53.0&v=AP-YFGMCGUNNIFB-2-1761841818771-97162728&ai=6b933aba-006b-4c12-b4b5-a0ddc2adfcf4&vt=2&s=AP-YFGMCGUNNIFB-2-1761841818769-39594441&sc=https%3A%2F%2F&ho=obfuscated-rm-base.example.com&pa=%2F&q=&ha=%23browse%2Fsearch%2Fgeneric&u=obfuscated-rm-base.example.com%2F%23browse%2Fsearch%2Fgeneric&gcx=%7B%22rm_serverVersion%22%3A%223.85.0-03%22%2C%22usertype%22%3A%22administrator%22%7D&cb=1761842057111-4294 HTTP/1.1" 200 0 - [qtp2079250408-100]
[30/Oct/2025:16:34:18 +0000] - "POST https://clm.sonatype.com/user-telemetry/v1/rte/v2/command?p=AP-YFGMCGUNNIFB-2&et=click HTTP/1.1" 200 0 - [qtp2079250408-104]
[30/Oct/2025:16:35:19 +0000] - "GET https://clm.sonatype.com/user-telemetry/v1/rte/api/v1/feature/client?p=AP-YFGMCGUNNIFB-2&sv=0.53.0&v=AP-YFGMCGUNNIFB-2-1761841818771-97162728&ai=6b933aba-006b-4c12-b4b5-a0ddc2adfcf4&vt=2&s=AP-YFGMCGUNNIFB-2-1761841818769-39594441&wsv=0.53.0&cb=1761842117871-1791 HTTP/1.1" 200 41332 - [qtp2079250408-32]
[30/Oct/2025:16:40:18 +0000] - "GET https://clm.sonatype.com/user-telemetry/v1/rte/v1/configuration/AP-YFGMCGUNNIFB-2?ai=6b933aba-006b-4c12-b4b5-a0ddc2adfcf4 HTTP/1.1" 200 2146 - [qtp2079250408-102]
[30/Oct/2025:16:40:18 +0000] - "GET https://clm.sonatype.com/user-telemetry/v1/rte/api/v1/feature/client?p=AP-YFGMCGUNNIFB-2&sv=0.53.0&v=AP-YFGMCGUNNIFB-2-1761841818771-97162728&ai=6b933aba-006b-4c12-b4b5-a0ddc2adfcf4&vt=2&s=AP-YFGMCGUNNIFB-2-1761841818769-39594441&wsv=0.53.0&cb=1761842417933-2817 HTTP/1.1" 200 41332 - [qtp2079250408-27]
[30/Oct/2025:16:40:18 +0000] - "GET https://clm.sonatype.com/user-telemetry/v1/rte/v2/kc?s=AP-YFGMCGUNNIFB-2-1761841818769-39594441&p=AP-YFGMCGUNNIFB-2 HTTP/1.1" 200 0 - [qtp2079250408-104]
[30/Oct/2025:16:45:18 +0000] - "GET https://clm.sonatype.com/user-telemetry/v1/rte/api/v1/feature/client?p=AP-YFGMCGUNNIFB-2&sv=0.53.0&v=AP-YFGMCGUNNIFB-2-1761841818771-97162728&ai=6b933aba-006b-4c12-b4b5-a0ddc2adfcf4&vt=2&s=AP-YFGMCGUNNIFB-2-1761841818769-39594441&wsv=0.53.0&cb=1761842717929-8987 HTTP/1.1" 200 41332 - [qtp2079250408-30]
